[2021-04-06 10:37:12] development.ERROR: Not enough arguments (missing: "name"). {"exception":"[object] (Symfony\\Component\\Console\\Exception\\RuntimeException(code: 0): Not enough arguments (missing: \"name\"). at /Users/temitopeolotin/PhpstormProjects/laracrud/laracrud/vendor/symfony/console/Input/Input.php:76)
[stacktrace]
#0 /Users/temitopeolotin/PhpstormProjects/laracrud/laracrud/vendor/symfony/console/Command/Command.php(253): Symfony\\Component\\Console\\Input\\Input->validate()
#1 /Users/temitopeolotin/PhpstormProjects/laracrud/laracrud/vendor/illuminate/console/Command.php(121): Symfony\\Component\\Console\\Command\\Command->run(Object(Symfony\\Component\\Console\\Input\\ArgvInput), Object(Illuminate\\Console\\OutputStyle))
#2 /Users/temitopeolotin/PhpstormProjects/laracrud/laracrud/vendor/symfony/console/Application.php(911): Illuminate\\Console\\Command->run(Object(Symfony\\Component\\Console\\Input\\ArgvInput), Object(Symfony\\Component\\Console\\Output\\ConsoleOutput))
#3 /Users/temitopeolotin/PhpstormProjects/laracrud/laracrud/vendor/symfony/console/Application.php(264): Symfony\\Component\\Console\\Application->doRunCommand(Object(Laztopaz\\Commands\\LaraCrudCommand), Object(Symfony\\Component\\Console\\Input\\ArgvInput), Object(Symfony\\Component\\Console\\Output\\ConsoleOutput))
#4 /Users/temitopeolotin/PhpstormProjects/laracrud/laracrud/vendor/symfony/console/Application.php(140): Symfony\\Component\\Console\\Application->doRun(Object(Symfony\\Component\\Console\\Input\\ArgvInput), Object(Symfony\\Component\\Console\\Output\\ConsoleOutput))
#5 /Users/temitopeolotin/PhpstormProjects/laracrud/laracrud/vendor/illuminate/console/Application.php(93): Symfony\\Component\\Console\\Application->run(Object(Symfony\\Component\\Console\\Input\\ArgvInput), Object(Symfony\\Component\\Console\\Output\\ConsoleOutput))
#6 /Users/temitopeolotin/PhpstormProjects/laracrud/laracrud/vendor/laravel-zero/foundation/src/Illuminate/Foundation/Console/Kernel.php(129): Illuminate\\Console\\Application->run(Object(Symfony\\Component\\Console\\Input\\ArgvInput), Object(Symfony\\Component\\Console\\Output\\ConsoleOutput))
#7 /Users/temitopeolotin/PhpstormProjects/laracrud/laracrud/vendor/laravel-zero/framework/src/Kernel.php(91): Illuminate\\Foundation\\Console\\Kernel->handle(Object(Symfony\\Component\\Console\\Input\\ArgvInput), Object(Symfony\\Component\\Console\\Output\\ConsoleOutput))
#8 /Users/temitopeolotin/PhpstormProjects/laracrud/laracrud/laracrud(37): LaravelZero\\Framework\\Kernel->handle(Object(Symfony\\Component\\Console\\Input\\ArgvInput), Object(Symfony\\Component\\Console\\Output\\ConsoleOutput))
#9 {main}
"} 
[2021-04-06 10:37:25] development.ERROR: Argument 2 passed to Laztopaz\Services\ModelFileWriterService::setFileName() must be of the type string, null given, called in /Users/temitopeolotin/PhpstormProjects/laracrud/laracrud/app/Commands/LaraCrudCommand.php on line 116 {"exception":"[object] (TypeError(code: 0): Argument 2 passed to Laztopaz\\Services\\ModelFileWriterService::setFileName() must be of the type string, null given, called in /Users/temitopeolotin/PhpstormProjects/laracrud/laracrud/app/Commands/LaraCrudCommand.php on line 116 at /Users/temitopeolotin/PhpstormProjects/laracrud/laracrud/app/Services/ModelFileWriterService.php:42)
[stacktrace]
#0 /Users/temitopeolotin/PhpstormProjects/laracrud/laracrud/app/Commands/LaraCrudCommand.php(116): Laztopaz\\Services\\ModelFileWriterService->setFileName('Teacher', NULL)
#1 /Users/temitopeolotin/PhpstormProjects/laracrud/laracrud/app/Commands/LaraCrudCommand.php(62): Laztopaz\\Commands\\LaraCrudCommand->buildModel('Teacher', Array, 'App\\\\Models', NULL)
#2 [internal function]: Laztopaz\\Commands\\LaraCrudCommand->handle()
#3 /Users/temitopeolotin/PhpstormProjects/laracrud/laracrud/vendor/illuminate/container/BoundMethod.php(37): call_user_func_array(Array, Array)
#4 /Users/temitopeolotin/PhpstormProjects/laracrud/laracrud/vendor/illuminate/container/Util.php(37): Illuminate\\Container\\BoundMethod::Illuminate\\Container\\{closure}()
#5 /Users/temitopeolotin/PhpstormProjects/laracrud/laracrud/vendor/illuminate/container/BoundMethod.php(95): Illuminate\\Container\\Util::unwrapIfClosure(Object(Closure))
#6 /Users/temitopeolotin/PhpstormProjects/laracrud/laracrud/vendor/illuminate/container/BoundMethod.php(39): Illuminate\\Container\\BoundMethod::callBoundMethod(Object(LaravelZero\\Framework\\Application), Array, Object(Closure))
#7 /Users/temitopeolotin/PhpstormProjects/laracrud/laracrud/vendor/illuminate/container/Container.php(596): Illuminate\\Container\\BoundMethod::call(Object(LaravelZero\\Framework\\Application), Array, Array, NULL)
#8 /Users/temitopeolotin/PhpstormProjects/laracrud/laracrud/vendor/illuminate/console/Command.php(134): Illuminate\\Container\\Container->call(Array)
#9 /Users/temitopeolotin/PhpstormProjects/laracrud/laracrud/vendor/symfony/console/Command/Command.php(258): Illuminate\\Console\\Command->execute(Object(Symfony\\Component\\Console\\Input\\ArgvInput), Object(Illuminate\\Console\\OutputStyle))
#10 /Users/temitopeolotin/PhpstormProjects/laracrud/laracrud/vendor/illuminate/console/Command.php(121): Symfony\\Component\\Console\\Command\\Command->run(Object(Symfony\\Component\\Console\\Input\\ArgvInput), Object(Illuminate\\Console\\OutputStyle))
#11 /Users/temitopeolotin/PhpstormProjects/laracrud/laracrud/vendor/symfony/console/Application.php(911): Illuminate\\Console\\Command->run(Object(Symfony\\Component\\Console\\Input\\ArgvInput), Object(Symfony\\Component\\Console\\Output\\ConsoleOutput))
#12 /Users/temitopeolotin/PhpstormProjects/laracrud/laracrud/vendor/symfony/console/Application.php(264): Symfony\\Component\\Console\\Application->doRunCommand(Object(Laztopaz\\Commands\\LaraCrudCommand), Object(Symfony\\Component\\Console\\Input\\ArgvInput), Object(Symfony\\Component\\Console\\Output\\ConsoleOutput))
#13 /Users/temitopeolotin/PhpstormProjects/laracrud/laracrud/vendor/symfony/console/Application.php(140): Symfony\\Component\\Console\\Application->doRun(Object(Symfony\\Component\\Console\\Input\\ArgvInput), Object(Symfony\\Component\\Console\\Output\\ConsoleOutput))
#14 /Users/temitopeolotin/PhpstormProjects/laracrud/laracrud/vendor/illuminate/console/Application.php(93): Symfony\\Component\\Console\\Application->run(Object(Symfony\\Component\\Console\\Input\\ArgvInput), Object(Symfony\\Component\\Console\\Output\\ConsoleOutput))
#15 /Users/temitopeolotin/PhpstormProjects/laracrud/laracrud/vendor/laravel-zero/foundation/src/Illuminate/Foundation/Console/Kernel.php(129): Illuminate\\Console\\Application->run(Object(Symfony\\Component\\Console\\Input\\ArgvInput), Object(Symfony\\Component\\Console\\Output\\ConsoleOutput))
#16 /Users/temitopeolotin/PhpstormProjects/laracrud/laracrud/vendor/laravel-zero/framework/src/Kernel.php(91): Illuminate\\Foundation\\Console\\Kernel->handle(Object(Symfony\\Component\\Console\\Input\\ArgvInput), Object(Symfony\\Component\\Console\\Output\\ConsoleOutput))
#17 /Users/temitopeolotin/PhpstormProjects/laracrud/laracrud/laracrud(37): LaravelZero\\Framework\\Kernel->handle(Object(Symfony\\Component\\Console\\Input\\ArgvInput), Object(Symfony\\Component\\Console\\Output\\ConsoleOutput))
#18 {main}
"} 
[2021-04-06 10:49:19] development.ERROR: Typed property Laztopaz\Builders\MigrationServiceBuilder::$mode must be string, null used {"exception":"[object] (TypeError(code: 0): Typed property Laztopaz\\Builders\\MigrationServiceBuilder::$mode must be string, null used at /Users/temitopeolotin/PhpstormProjects/laracrud/laracrud/app/Builders/MigrationServiceBuilder.php:249)
[stacktrace]
#0 /Users/temitopeolotin/PhpstormProjects/laracrud/laracrud/app/Commands/LaraCrudCommand.php(114): Laztopaz\\Builders\\MigrationServiceBuilder->setSchemaMode('update')
#1 /Users/temitopeolotin/PhpstormProjects/laracrud/laracrud/app/Commands/LaraCrudCommand.php(62): Laztopaz\\Commands\\LaraCrudCommand->buildModel('Teacher', Array, 'App\\\\Models', 'update')
#2 [internal function]: Laztopaz\\Commands\\LaraCrudCommand->handle()
#3 /Users/temitopeolotin/PhpstormProjects/laracrud/laracrud/vendor/illuminate/container/BoundMethod.php(37): call_user_func_array(Array, Array)
#4 /Users/temitopeolotin/PhpstormProjects/laracrud/laracrud/vendor/illuminate/container/Util.php(37): Illuminate\\Container\\BoundMethod::Illuminate\\Container\\{closure}()
#5 /Users/temitopeolotin/PhpstormProjects/laracrud/laracrud/vendor/illuminate/container/BoundMethod.php(95): Illuminate\\Container\\Util::unwrapIfClosure(Object(Closure))
#6 /Users/temitopeolotin/PhpstormProjects/laracrud/laracrud/vendor/illuminate/container/BoundMethod.php(39): Illuminate\\Container\\BoundMethod::callBoundMethod(Object(LaravelZero\\Framework\\Application), Array, Object(Closure))
#7 /Users/temitopeolotin/PhpstormProjects/laracrud/laracrud/vendor/illuminate/container/Container.php(596): Illuminate\\Container\\BoundMethod::call(Object(LaravelZero\\Framework\\Application), Array, Array, NULL)
#8 /Users/temitopeolotin/PhpstormProjects/laracrud/laracrud/vendor/illuminate/console/Command.php(134): Illuminate\\Container\\Container->call(Array)
#9 /Users/temitopeolotin/PhpstormProjects/laracrud/laracrud/vendor/symfony/console/Command/Command.php(258): Illuminate\\Console\\Command->execute(Object(Symfony\\Component\\Console\\Input\\ArgvInput), Object(Illuminate\\Console\\OutputStyle))
#10 /Users/temitopeolotin/PhpstormProjects/laracrud/laracrud/vendor/illuminate/console/Command.php(121): Symfony\\Component\\Console\\Command\\Command->run(Object(Symfony\\Component\\Console\\Input\\ArgvInput), Object(Illuminate\\Console\\OutputStyle))
#11 /Users/temitopeolotin/PhpstormProjects/laracrud/laracrud/vendor/symfony/console/Application.php(911): Illuminate\\Console\\Command->run(Object(Symfony\\Component\\Console\\Input\\ArgvInput), Object(Symfony\\Component\\Console\\Output\\ConsoleOutput))
#12 /Users/temitopeolotin/PhpstormProjects/laracrud/laracrud/vendor/symfony/console/Application.php(264): Symfony\\Component\\Console\\Application->doRunCommand(Object(Laztopaz\\Commands\\LaraCrudCommand), Object(Symfony\\Component\\Console\\Input\\ArgvInput), Object(Symfony\\Component\\Console\\Output\\ConsoleOutput))
#13 /Users/temitopeolotin/PhpstormProjects/laracrud/laracrud/vendor/symfony/console/Application.php(140): Symfony\\Component\\Console\\Application->doRun(Object(Symfony\\Component\\Console\\Input\\ArgvInput), Object(Symfony\\Component\\Console\\Output\\ConsoleOutput))
#14 /Users/temitopeolotin/PhpstormProjects/laracrud/laracrud/vendor/illuminate/console/Application.php(93): Symfony\\Component\\Console\\Application->run(Object(Symfony\\Component\\Console\\Input\\ArgvInput), Object(Symfony\\Component\\Console\\Output\\ConsoleOutput))
#15 /Users/temitopeolotin/PhpstormProjects/laracrud/laracrud/vendor/laravel-zero/foundation/src/Illuminate/Foundation/Console/Kernel.php(129): Illuminate\\Console\\Application->run(Object(Symfony\\Component\\Console\\Input\\ArgvInput), Object(Symfony\\Component\\Console\\Output\\ConsoleOutput))
#16 /Users/temitopeolotin/PhpstormProjects/laracrud/laracrud/vendor/laravel-zero/framework/src/Kernel.php(91): Illuminate\\Foundation\\Console\\Kernel->handle(Object(Symfony\\Component\\Console\\Input\\ArgvInput), Object(Symfony\\Component\\Console\\Output\\ConsoleOutput))
#17 /Users/temitopeolotin/PhpstormProjects/laracrud/laracrud/laracrud(37): LaravelZero\\Framework\\Kernel->handle(Object(Symfony\\Component\\Console\\Input\\ArgvInput), Object(Symfony\\Component\\Console\\Output\\ConsoleOutput))
#18 {main}
"} 
[2021-04-06 10:50:49] development.ERROR: Typed property Laztopaz\Builders\MigrationServiceBuilder::$mode must not be accessed before initialization {"exception":"[object] (Error(code: 0): Typed property Laztopaz\\Builders\\MigrationServiceBuilder::$mode must not be accessed before initialization at /Users/temitopeolotin/PhpstormProjects/laracrud/laracrud/app/Builders/MigrationServiceBuilder.php:245)
[stacktrace]
#0 /Users/temitopeolotin/PhpstormProjects/laracrud/laracrud/app/Commands/LaraCrudCommand.php(114): Laztopaz\\Builders\\MigrationServiceBuilder->setSchemaMode('update')
#1 /Users/temitopeolotin/PhpstormProjects/laracrud/laracrud/app/Commands/LaraCrudCommand.php(62): Laztopaz\\Commands\\LaraCrudCommand->buildModel('Teacher', Array, 'App\\\\Models', 'update')
#2 [internal function]: Laztopaz\\Commands\\LaraCrudCommand->handle()
#3 /Users/temitopeolotin/PhpstormProjects/laracrud/laracrud/vendor/illuminate/container/BoundMethod.php(37): call_user_func_array(Array, Array)
#4 /Users/temitopeolotin/PhpstormProjects/laracrud/laracrud/vendor/illuminate/container/Util.php(37): Illuminate\\Container\\BoundMethod::Illuminate\\Container\\{closure}()
#5 /Users/temitopeolotin/PhpstormProjects/laracrud/laracrud/vendor/illuminate/container/BoundMethod.php(95): Illuminate\\Container\\Util::unwrapIfClosure(Object(Closure))
#6 /Users/temitopeolotin/PhpstormProjects/laracrud/laracrud/vendor/illuminate/container/BoundMethod.php(39): Illuminate\\Container\\BoundMethod::callBoundMethod(Object(LaravelZero\\Framework\\Application), Array, Object(Closure))
#7 /Users/temitopeolotin/PhpstormProjects/laracrud/laracrud/vendor/illuminate/container/Container.php(596): Illuminate\\Container\\BoundMethod::call(Object(LaravelZero\\Framework\\Application), Array, Array, NULL)
#8 /Users/temitopeolotin/PhpstormProjects/laracrud/laracrud/vendor/illuminate/console/Command.php(134): Illuminate\\Container\\Container->call(Array)
#9 /Users/temitopeolotin/PhpstormProjects/laracrud/laracrud/vendor/symfony/console/Command/Command.php(258): Illuminate\\Console\\Command->execute(Object(Symfony\\Component\\Console\\Input\\ArgvInput), Object(Illuminate\\Console\\OutputStyle))
#10 /Users/temitopeolotin/PhpstormProjects/laracrud/laracrud/vendor/illuminate/console/Command.php(121): Symfony\\Component\\Console\\Command\\Command->run(Object(Symfony\\Component\\Console\\Input\\ArgvInput), Object(Illuminate\\Console\\OutputStyle))
#11 /Users/temitopeolotin/PhpstormProjects/laracrud/laracrud/vendor/symfony/console/Application.php(911): Illuminate\\Console\\Command->run(Object(Symfony\\Component\\Console\\Input\\ArgvInput), Object(Symfony\\Component\\Console\\Output\\ConsoleOutput))
#12 /Users/temitopeolotin/PhpstormProjects/laracrud/laracrud/vendor/symfony/console/Application.php(264): Symfony\\Component\\Console\\Application->doRunCommand(Object(Laztopaz\\Commands\\LaraCrudCommand), Object(Symfony\\Component\\Console\\Input\\ArgvInput), Object(Symfony\\Component\\Console\\Output\\ConsoleOutput))
#13 /Users/temitopeolotin/PhpstormProjects/laracrud/laracrud/vendor/symfony/console/Application.php(140): Symfony\\Component\\Console\\Application->doRun(Object(Symfony\\Component\\Console\\Input\\ArgvInput), Object(Symfony\\Component\\Console\\Output\\ConsoleOutput))
#14 /Users/temitopeolotin/PhpstormProjects/laracrud/laracrud/vendor/illuminate/console/Application.php(93): Symfony\\Component\\Console\\Application->run(Object(Symfony\\Component\\Console\\Input\\ArgvInput), Object(Symfony\\Component\\Console\\Output\\ConsoleOutput))
#15 /Users/temitopeolotin/PhpstormProjects/laracrud/laracrud/vendor/laravel-zero/foundation/src/Illuminate/Foundation/Console/Kernel.php(129): Illuminate\\Console\\Application->run(Object(Symfony\\Component\\Console\\Input\\ArgvInput), Object(Symfony\\Component\\Console\\Output\\ConsoleOutput))
#16 /Users/temitopeolotin/PhpstormProjects/laracrud/laracrud/vendor/laravel-zero/framework/src/Kernel.php(91): Illuminate\\Foundation\\Console\\Kernel->handle(Object(Symfony\\Component\\Console\\Input\\ArgvInput), Object(Symfony\\Component\\Console\\Output\\ConsoleOutput))
#17 /Users/temitopeolotin/PhpstormProjects/laracrud/laracrud/laracrud(37): LaravelZero\\Framework\\Kernel->handle(Object(Symfony\\Component\\Console\\Input\\ArgvInput), Object(Symfony\\Component\\Console\\Output\\ConsoleOutput))
#18 {main}
"} 
[2021-04-06 10:51:12] development.ERROR: Typed property Laztopaz\Builders\MigrationServiceBuilder::$mode must not be accessed before initialization {"exception":"[object] (Error(code: 0): Typed property Laztopaz\\Builders\\MigrationServiceBuilder::$mode must not be accessed before initialization at /Users/temitopeolotin/PhpstormProjects/laracrud/laracrud/app/Builders/MigrationServiceBuilder.php:254)
[stacktrace]
#0 /Users/temitopeolotin/PhpstormProjects/laracrud/laracrud/app/Commands/LaraCrudCommand.php(186): Laztopaz\\Builders\\MigrationServiceBuilder->getSchemaMode()
#1 /Users/temitopeolotin/PhpstormProjects/laracrud/laracrud/app/Commands/LaraCrudCommand.php(63): Laztopaz\\Commands\\LaraCrudCommand->buildMigration(Object(Laztopaz\\Builders\\MigrationServiceBuilder), 'check_if_teache...', 'Teacher')
#2 [internal function]: Laztopaz\\Commands\\LaraCrudCommand->handle()
#3 /Users/temitopeolotin/PhpstormProjects/laracrud/laracrud/vendor/illuminate/container/BoundMethod.php(37): call_user_func_array(Array, Array)
#4 /Users/temitopeolotin/PhpstormProjects/laracrud/laracrud/vendor/illuminate/container/Util.php(37): Illuminate\\Container\\BoundMethod::Illuminate\\Container\\{closure}()
#5 /Users/temitopeolotin/PhpstormProjects/laracrud/laracrud/vendor/illuminate/container/BoundMethod.php(95): Illuminate\\Container\\Util::unwrapIfClosure(Object(Closure))
#6 /Users/temitopeolotin/PhpstormProjects/laracrud/laracrud/vendor/illuminate/container/BoundMethod.php(39): Illuminate\\Container\\BoundMethod::callBoundMethod(Object(LaravelZero\\Framework\\Application), Array, Object(Closure))
#7 /Users/temitopeolotin/PhpstormProjects/laracrud/laracrud/vendor/illuminate/container/Container.php(596): Illuminate\\Container\\BoundMethod::call(Object(LaravelZero\\Framework\\Application), Array, Array, NULL)
#8 /Users/temitopeolotin/PhpstormProjects/laracrud/laracrud/vendor/illuminate/console/Command.php(134): Illuminate\\Container\\Container->call(Array)
#9 /Users/temitopeolotin/PhpstormProjects/laracrud/laracrud/vendor/symfony/console/Command/Command.php(258): Illuminate\\Console\\Command->execute(Object(Symfony\\Component\\Console\\Input\\ArgvInput), Object(Illuminate\\Console\\OutputStyle))
#10 /Users/temitopeolotin/PhpstormProjects/laracrud/laracrud/vendor/illuminate/console/Command.php(121): Symfony\\Component\\Console\\Command\\Command->run(Object(Symfony\\Component\\Console\\Input\\ArgvInput), Object(Illuminate\\Console\\OutputStyle))
#11 /Users/temitopeolotin/PhpstormProjects/laracrud/laracrud/vendor/symfony/console/Application.php(911): Illuminate\\Console\\Command->run(Object(Symfony\\Component\\Console\\Input\\ArgvInput), Object(Symfony\\Component\\Console\\Output\\ConsoleOutput))
#12 /Users/temitopeolotin/PhpstormProjects/laracrud/laracrud/vendor/symfony/console/Application.php(264): Symfony\\Component\\Console\\Application->doRunCommand(Object(Laztopaz\\Commands\\LaraCrudCommand), Object(Symfony\\Component\\Console\\Input\\ArgvInput), Object(Symfony\\Component\\Console\\Output\\ConsoleOutput))
#13 /Users/temitopeolotin/PhpstormProjects/laracrud/laracrud/vendor/symfony/console/Application.php(140): Symfony\\Component\\Console\\Application->doRun(Object(Symfony\\Component\\Console\\Input\\ArgvInput), Object(Symfony\\Component\\Console\\Output\\ConsoleOutput))
#14 /Users/temitopeolotin/PhpstormProjects/laracrud/laracrud/vendor/illuminate/console/Application.php(93): Symfony\\Component\\Console\\Application->run(Object(Symfony\\Component\\Console\\Input\\ArgvInput), Object(Symfony\\Component\\Console\\Output\\ConsoleOutput))
#15 /Users/temitopeolotin/PhpstormProjects/laracrud/laracrud/vendor/laravel-zero/foundation/src/Illuminate/Foundation/Console/Kernel.php(129): Illuminate\\Console\\Application->run(Object(Symfony\\Component\\Console\\Input\\ArgvInput), Object(Symfony\\Component\\Console\\Output\\ConsoleOutput))
#16 /Users/temitopeolotin/PhpstormProjects/laracrud/laracrud/vendor/laravel-zero/framework/src/Kernel.php(91): Illuminate\\Foundation\\Console\\Kernel->handle(Object(Symfony\\Component\\Console\\Input\\ArgvInput), Object(Symfony\\Component\\Console\\Output\\ConsoleOutput))
#17 /Users/temitopeolotin/PhpstormProjects/laracrud/laracrud/laracrud(37): LaravelZero\\Framework\\Kernel->handle(Object(Symfony\\Component\\Console\\Input\\ArgvInput), Object(Symfony\\Component\\Console\\Output\\ConsoleOutput))
#18 {main}
"} 
[2021-04-06 10:53:45] development.ERROR: Typed property Laztopaz\Builders\MigrationServiceBuilder::$mode must not be accessed before initialization {"exception":"[object] (Error(code: 0): Typed property Laztopaz\\Builders\\MigrationServiceBuilder::$mode must not be accessed before initialization at /Users/temitopeolotin/PhpstormProjects/laracrud/laracrud/app/Builders/MigrationServiceBuilder.php:254)
[stacktrace]
#0 /Users/temitopeolotin/PhpstormProjects/laracrud/laracrud/app/Commands/LaraCrudCommand.php(186): Laztopaz\\Builders\\MigrationServiceBuilder->getSchemaMode()
#1 /Users/temitopeolotin/PhpstormProjects/laracrud/laracrud/app/Commands/LaraCrudCommand.php(63): Laztopaz\\Commands\\LaraCrudCommand->buildMigration(Object(Laztopaz\\Builders\\MigrationServiceBuilder), 'check_if_teache...', 'Teacher')
#2 [internal function]: Laztopaz\\Commands\\LaraCrudCommand->handle()
#3 /Users/temitopeolotin/PhpstormProjects/laracrud/laracrud/vendor/illuminate/container/BoundMethod.php(37): call_user_func_array(Array, Array)
#4 /Users/temitopeolotin/PhpstormProjects/laracrud/laracrud/vendor/illuminate/container/Util.php(37): Illuminate\\Container\\BoundMethod::Illuminate\\Container\\{closure}()
#5 /Users/temitopeolotin/PhpstormProjects/laracrud/laracrud/vendor/illuminate/container/BoundMethod.php(95): Illuminate\\Container\\Util::unwrapIfClosure(Object(Closure))
#6 /Users/temitopeolotin/PhpstormProjects/laracrud/laracrud/vendor/illuminate/container/BoundMethod.php(39): Illuminate\\Container\\BoundMethod::callBoundMethod(Object(LaravelZero\\Framework\\Application), Array, Object(Closure))
#7 /Users/temitopeolotin/PhpstormProjects/laracrud/laracrud/vendor/illuminate/container/Container.php(596): Illuminate\\Container\\BoundMethod::call(Object(LaravelZero\\Framework\\Application), Array, Array, NULL)
#8 /Users/temitopeolotin/PhpstormProjects/laracrud/laracrud/vendor/illuminate/console/Command.php(134): Illuminate\\Container\\Container->call(Array)
#9 /Users/temitopeolotin/PhpstormProjects/laracrud/laracrud/vendor/symfony/console/Command/Command.php(258): Illuminate\\Console\\Command->execute(Object(Symfony\\Component\\Console\\Input\\ArgvInput), Object(Illuminate\\Console\\OutputStyle))
#10 /Users/temitopeolotin/PhpstormProjects/laracrud/laracrud/vendor/illuminate/console/Command.php(121): Symfony\\Component\\Console\\Command\\Command->run(Object(Symfony\\Component\\Console\\Input\\ArgvInput), Object(Illuminate\\Console\\OutputStyle))
#11 /Users/temitopeolotin/PhpstormProjects/laracrud/laracrud/vendor/symfony/console/Application.php(911): Illuminate\\Console\\Command->run(Object(Symfony\\Component\\Console\\Input\\ArgvInput), Object(Symfony\\Component\\Console\\Output\\ConsoleOutput))
#12 /Users/temitopeolotin/PhpstormProjects/laracrud/laracrud/vendor/symfony/console/Application.php(264): Symfony\\Component\\Console\\Application->doRunCommand(Object(Laztopaz\\Commands\\LaraCrudCommand), Object(Symfony\\Component\\Console\\Input\\ArgvInput), Object(Symfony\\Component\\Console\\Output\\ConsoleOutput))
#13 /Users/temitopeolotin/PhpstormProjects/laracrud/laracrud/vendor/symfony/console/Application.php(140): Symfony\\Component\\Console\\Application->doRun(Object(Symfony\\Component\\Console\\Input\\ArgvInput), Object(Symfony\\Component\\Console\\Output\\ConsoleOutput))
#14 /Users/temitopeolotin/PhpstormProjects/laracrud/laracrud/vendor/illuminate/console/Application.php(93): Symfony\\Component\\Console\\Application->run(Object(Symfony\\Component\\Console\\Input\\ArgvInput), Object(Symfony\\Component\\Console\\Output\\ConsoleOutput))
#15 /Users/temitopeolotin/PhpstormProjects/laracrud/laracrud/vendor/laravel-zero/foundation/src/Illuminate/Foundation/Console/Kernel.php(129): Illuminate\\Console\\Application->run(Object(Symfony\\Component\\Console\\Input\\ArgvInput), Object(Symfony\\Component\\Console\\Output\\ConsoleOutput))
#16 /Users/temitopeolotin/PhpstormProjects/laracrud/laracrud/vendor/laravel-zero/framework/src/Kernel.php(91): Illuminate\\Foundation\\Console\\Kernel->handle(Object(Symfony\\Component\\Console\\Input\\ArgvInput), Object(Symfony\\Component\\Console\\Output\\ConsoleOutput))
#17 /Users/temitopeolotin/PhpstormProjects/laracrud/laracrud/laracrud(37): LaravelZero\\Framework\\Kernel->handle(Object(Symfony\\Component\\Console\\Input\\ArgvInput), Object(Symfony\\Component\\Console\\Output\\ConsoleOutput))
#18 {main}
"} 
[2021-04-06 11:02:38] development.ERROR: Typed property Laztopaz\Builders\MigrationServiceBuilder::$mode must not be accessed before initialization {"exception":"[object] (Error(code: 0): Typed property Laztopaz\\Builders\\MigrationServiceBuilder::$mode must not be accessed before initialization at /Users/temitopeolotin/PhpstormProjects/laracrud/laracrud/app/Builders/MigrationServiceBuilder.php:254)
[stacktrace]
#0 /Users/temitopeolotin/PhpstormProjects/laracrud/laracrud/app/Builders/MigrationServiceBuilder.php(88): Laztopaz\\Builders\\MigrationServiceBuilder->getSchemaMode()
#1 /Users/temitopeolotin/PhpstormProjects/laracrud/laracrud/app/Builders/MigrationServiceBuilder.php(309): Laztopaz\\Builders\\MigrationServiceBuilder->getSchemaTearUp()
#2 /Users/temitopeolotin/PhpstormProjects/laracrud/laracrud/app/Directors/OutPutDirector.php(26): Laztopaz\\Builders\\MigrationServiceBuilder->build()
#3 /Users/temitopeolotin/PhpstormProjects/laracrud/laracrud/app/Commands/LaraCrudCommand.php(80): Laztopaz\\Directors\\OutPutDirector->getFileContent()
#4 [internal function]: Laztopaz\\Commands\\LaraCrudCommand->handle()
#5 /Users/temitopeolotin/PhpstormProjects/laracrud/laracrud/vendor/illuminate/container/BoundMethod.php(37): call_user_func_array(Array, Array)
#6 /Users/temitopeolotin/PhpstormProjects/laracrud/laracrud/vendor/illuminate/container/Util.php(37): Illuminate\\Container\\BoundMethod::Illuminate\\Container\\{closure}()
#7 /Users/temitopeolotin/PhpstormProjects/laracrud/laracrud/vendor/illuminate/container/BoundMethod.php(95): Illuminate\\Container\\Util::unwrapIfClosure(Object(Closure))
#8 /Users/temitopeolotin/PhpstormProjects/laracrud/laracrud/vendor/illuminate/container/BoundMethod.php(39): Illuminate\\Container\\BoundMethod::callBoundMethod(Object(LaravelZero\\Framework\\Application), Array, Object(Closure))
#9 /Users/temitopeolotin/PhpstormProjects/laracrud/laracrud/vendor/illuminate/container/Container.php(596): Illuminate\\Container\\BoundMethod::call(Object(LaravelZero\\Framework\\Application), Array, Array, NULL)
#10 /Users/temitopeolotin/PhpstormProjects/laracrud/laracrud/vendor/illuminate/console/Command.php(134): Illuminate\\Container\\Container->call(Array)
#11 /Users/temitopeolotin/PhpstormProjects/laracrud/laracrud/vendor/symfony/console/Command/Command.php(258): Illuminate\\Console\\Command->execute(Object(Symfony\\Component\\Console\\Input\\ArgvInput), Object(Illuminate\\Console\\OutputStyle))
#12 /Users/temitopeolotin/PhpstormProjects/laracrud/laracrud/vendor/illuminate/console/Command.php(121): Symfony\\Component\\Console\\Command\\Command->run(Object(Symfony\\Component\\Console\\Input\\ArgvInput), Object(Illuminate\\Console\\OutputStyle))
#13 /Users/temitopeolotin/PhpstormProjects/laracrud/laracrud/vendor/symfony/console/Application.php(911): Illuminate\\Console\\Command->run(Object(Symfony\\Component\\Console\\Input\\ArgvInput), Object(Symfony\\Component\\Console\\Output\\ConsoleOutput))
#14 /Users/temitopeolotin/PhpstormProjects/laracrud/laracrud/vendor/symfony/console/Application.php(264): Symfony\\Component\\Console\\Application->doRunCommand(Object(Laztopaz\\Commands\\LaraCrudCommand), Object(Symfony\\Component\\Console\\Input\\ArgvInput), Object(Symfony\\Component\\Console\\Output\\ConsoleOutput))
#15 /Users/temitopeolotin/PhpstormProjects/laracrud/laracrud/vendor/symfony/console/Application.php(140): Symfony\\Component\\Console\\Application->doRun(Object(Symfony\\Component\\Console\\Input\\ArgvInput), Object(Symfony\\Component\\Console\\Output\\ConsoleOutput))
#16 /Users/temitopeolotin/PhpstormProjects/laracrud/laracrud/vendor/illuminate/console/Application.php(93): Symfony\\Component\\Console\\Application->run(Object(Symfony\\Component\\Console\\Input\\ArgvInput), Object(Symfony\\Component\\Console\\Output\\ConsoleOutput))
#17 /Users/temitopeolotin/PhpstormProjects/laracrud/laracrud/vendor/laravel-zero/foundation/src/Illuminate/Foundation/Console/Kernel.php(129): Illuminate\\Console\\Application->run(Object(Symfony\\Component\\Console\\Input\\ArgvInput), Object(Symfony\\Component\\Console\\Output\\ConsoleOutput))
#18 /Users/temitopeolotin/PhpstormProjects/laracrud/laracrud/vendor/laravel-zero/framework/src/Kernel.php(91): Illuminate\\Foundation\\Console\\Kernel->handle(Object(Symfony\\Component\\Console\\Input\\ArgvInput), Object(Symfony\\Component\\Console\\Output\\ConsoleOutput))
#19 /Users/temitopeolotin/PhpstormProjects/laracrud/laracrud/laracrud(37): LaravelZero\\Framework\\Kernel->handle(Object(Symfony\\Component\\Console\\Input\\ArgvInput), Object(Symfony\\Component\\Console\\Output\\ConsoleOutput))
#20 {main}
"} 
[2021-04-06 11:06:37] development.ERROR: Typed property Laztopaz\Builders\MigrationServiceBuilder::$mode must not be accessed before initialization {"exception":"[object] (Error(code: 0): Typed property Laztopaz\\Builders\\MigrationServiceBuilder::$mode must not be accessed before initialization at /Users/temitopeolotin/PhpstormProjects/laracrud/laracrud/app/Builders/MigrationServiceBuilder.php:254)
[stacktrace]
#0 /Users/temitopeolotin/PhpstormProjects/laracrud/laracrud/app/Builders/MigrationServiceBuilder.php(88): Laztopaz\\Builders\\MigrationServiceBuilder->getSchemaMode()
#1 /Users/temitopeolotin/PhpstormProjects/laracrud/laracrud/app/Builders/MigrationServiceBuilder.php(309): Laztopaz\\Builders\\MigrationServiceBuilder->getSchemaTearUp()
#2 /Users/temitopeolotin/PhpstormProjects/laracrud/laracrud/app/Directors/OutPutDirector.php(26): Laztopaz\\Builders\\MigrationServiceBuilder->build()
#3 /Users/temitopeolotin/PhpstormProjects/laracrud/laracrud/app/Commands/LaraCrudCommand.php(83): Laztopaz\\Directors\\OutPutDirector->getFileContent()
#4 [internal function]: Laztopaz\\Commands\\LaraCrudCommand->handle()
#5 /Users/temitopeolotin/PhpstormProjects/laracrud/laracrud/vendor/illuminate/container/BoundMethod.php(37): call_user_func_array(Array, Array)
#6 /Users/temitopeolotin/PhpstormProjects/laracrud/laracrud/vendor/illuminate/container/Util.php(37): Illuminate\\Container\\BoundMethod::Illuminate\\Container\\{closure}()
#7 /Users/temitopeolotin/PhpstormProjects/laracrud/laracrud/vendor/illuminate/container/BoundMethod.php(95): Illuminate\\Container\\Util::unwrapIfClosure(Object(Closure))
#8 /Users/temitopeolotin/PhpstormProjects/laracrud/laracrud/vendor/illuminate/container/BoundMethod.php(39): Illuminate\\Container\\BoundMethod::callBoundMethod(Object(LaravelZero\\Framework\\Application), Array, Object(Closure))
#9 /Users/temitopeolotin/PhpstormProjects/laracrud/laracrud/vendor/illuminate/container/Container.php(596): Illuminate\\Container\\BoundMethod::call(Object(LaravelZero\\Framework\\Application), Array, Array, NULL)
#10 /Users/temitopeolotin/PhpstormProjects/laracrud/laracrud/vendor/illuminate/console/Command.php(134): Illuminate\\Container\\Container->call(Array)
#11 /Users/temitopeolotin/PhpstormProjects/laracrud/laracrud/vendor/symfony/console/Command/Command.php(258): Illuminate\\Console\\Command->execute(Object(Symfony\\Component\\Console\\Input\\ArgvInput), Object(Illuminate\\Console\\OutputStyle))
#12 /Users/temitopeolotin/PhpstormProjects/laracrud/laracrud/vendor/illuminate/console/Command.php(121): Symfony\\Component\\Console\\Command\\Command->run(Object(Symfony\\Component\\Console\\Input\\ArgvInput), Object(Illuminate\\Console\\OutputStyle))
#13 /Users/temitopeolotin/PhpstormProjects/laracrud/laracrud/vendor/symfony/console/Application.php(911): Illuminate\\Console\\Command->run(Object(Symfony\\Component\\Console\\Input\\ArgvInput), Object(Symfony\\Component\\Console\\Output\\ConsoleOutput))
#14 /Users/temitopeolotin/PhpstormProjects/laracrud/laracrud/vendor/symfony/console/Application.php(264): Symfony\\Component\\Console\\Application->doRunCommand(Object(Laztopaz\\Commands\\LaraCrudCommand), Object(Symfony\\Component\\Console\\Input\\ArgvInput), Object(Symfony\\Component\\Console\\Output\\ConsoleOutput))
#15 /Users/temitopeolotin/PhpstormProjects/laracrud/laracrud/vendor/symfony/console/Application.php(140): Symfony\\Component\\Console\\Application->doRun(Object(Symfony\\Component\\Console\\Input\\ArgvInput), Object(Symfony\\Component\\Console\\Output\\ConsoleOutput))
#16 /Users/temitopeolotin/PhpstormProjects/laracrud/laracrud/vendor/illuminate/console/Application.php(93): Symfony\\Component\\Console\\Application->run(Object(Symfony\\Component\\Console\\Input\\ArgvInput), Object(Symfony\\Component\\Console\\Output\\ConsoleOutput))
#17 /Users/temitopeolotin/PhpstormProjects/laracrud/laracrud/vendor/laravel-zero/foundation/src/Illuminate/Foundation/Console/Kernel.php(129): Illuminate\\Console\\Application->run(Object(Symfony\\Component\\Console\\Input\\ArgvInput), Object(Symfony\\Component\\Console\\Output\\ConsoleOutput))
#18 /Users/temitopeolotin/PhpstormProjects/laracrud/laracrud/vendor/laravel-zero/framework/src/Kernel.php(91): Illuminate\\Foundation\\Console\\Kernel->handle(Object(Symfony\\Component\\Console\\Input\\ArgvInput), Object(Symfony\\Component\\Console\\Output\\ConsoleOutput))
#19 /Users/temitopeolotin/PhpstormProjects/laracrud/laracrud/laracrud(37): LaravelZero\\Framework\\Kernel->handle(Object(Symfony\\Component\\Console\\Input\\ArgvInput), Object(Symfony\\Component\\Console\\Output\\ConsoleOutput))
#20 {main}
"} 
[2021-04-06 11:41:33] development.ERROR: Typed property Laztopaz\Builders\MigrationServiceBuilder::$mode must not be accessed before initialization {"exception":"[object] (Error(code: 0): Typed property Laztopaz\\Builders\\MigrationServiceBuilder::$mode must not be accessed before initialization at /Users/temitopeolotin/PhpstormProjects/laracrud/laracrud/app/Builders/MigrationServiceBuilder.php:254)
[stacktrace]
#0 /Users/temitopeolotin/PhpstormProjects/laracrud/laracrud/app/Builders/MigrationServiceBuilder.php(88): Laztopaz\\Builders\\MigrationServiceBuilder->getSchemaMode()
#1 /Users/temitopeolotin/PhpstormProjects/laracrud/laracrud/app/Builders/MigrationServiceBuilder.php(309): Laztopaz\\Builders\\MigrationServiceBuilder->getSchemaTearUp()
#2 /Users/temitopeolotin/PhpstormProjects/laracrud/laracrud/app/Directors/OutPutDirector.php(26): Laztopaz\\Builders\\MigrationServiceBuilder->build()
#3 /Users/temitopeolotin/PhpstormProjects/laracrud/laracrud/app/Commands/LaraCrudCommand.php(83): Laztopaz\\Directors\\OutPutDirector->getFileContent()
#4 [internal function]: Laztopaz\\Commands\\LaraCrudCommand->handle()
#5 /Users/temitopeolotin/PhpstormProjects/laracrud/laracrud/vendor/illuminate/container/BoundMethod.php(37): call_user_func_array(Array, Array)
#6 /Users/temitopeolotin/PhpstormProjects/laracrud/laracrud/vendor/illuminate/container/Util.php(37): Illuminate\\Container\\BoundMethod::Illuminate\\Container\\{closure}()
#7 /Users/temitopeolotin/PhpstormProjects/laracrud/laracrud/vendor/illuminate/container/BoundMethod.php(95): Illuminate\\Container\\Util::unwrapIfClosure(Object(Closure))
#8 /Users/temitopeolotin/PhpstormProjects/laracrud/laracrud/vendor/illuminate/container/BoundMethod.php(39): Illuminate\\Container\\BoundMethod::callBoundMethod(Object(LaravelZero\\Framework\\Application), Array, Object(Closure))
#9 /Users/temitopeolotin/PhpstormProjects/laracrud/laracrud/vendor/illuminate/container/Container.php(596): Illuminate\\Container\\BoundMethod::call(Object(LaravelZero\\Framework\\Application), Array, Array, NULL)
#10 /Users/temitopeolotin/PhpstormProjects/laracrud/laracrud/vendor/illuminate/console/Command.php(134): Illuminate\\Container\\Container->call(Array)
#11 /Users/temitopeolotin/PhpstormProjects/laracrud/laracrud/vendor/symfony/console/Command/Command.php(258): Illuminate\\Console\\Command->execute(Object(Symfony\\Component\\Console\\Input\\ArgvInput), Object(Illuminate\\Console\\OutputStyle))
#12 /Users/temitopeolotin/PhpstormProjects/laracrud/laracrud/vendor/illuminate/console/Command.php(121): Symfony\\Component\\Console\\Command\\Command->run(Object(Symfony\\Component\\Console\\Input\\ArgvInput), Object(Illuminate\\Console\\OutputStyle))
#13 /Users/temitopeolotin/PhpstormProjects/laracrud/laracrud/vendor/symfony/console/Application.php(911): Illuminate\\Console\\Command->run(Object(Symfony\\Component\\Console\\Input\\ArgvInput), Object(Symfony\\Component\\Console\\Output\\ConsoleOutput))
#14 /Users/temitopeolotin/PhpstormProjects/laracrud/laracrud/vendor/symfony/console/Application.php(264): Symfony\\Component\\Console\\Application->doRunCommand(Object(Laztopaz\\Commands\\LaraCrudCommand), Object(Symfony\\Component\\Console\\Input\\ArgvInput), Object(Symfony\\Component\\Console\\Output\\ConsoleOutput))
#15 /Users/temitopeolotin/PhpstormProjects/laracrud/laracrud/vendor/symfony/console/Application.php(140): Symfony\\Component\\Console\\Application->doRun(Object(Symfony\\Component\\Console\\Input\\ArgvInput), Object(Symfony\\Component\\Console\\Output\\ConsoleOutput))
#16 /Users/temitopeolotin/PhpstormProjects/laracrud/laracrud/vendor/illuminate/console/Application.php(93): Symfony\\Component\\Console\\Application->run(Object(Symfony\\Component\\Console\\Input\\ArgvInput), Object(Symfony\\Component\\Console\\Output\\ConsoleOutput))
#17 /Users/temitopeolotin/PhpstormProjects/laracrud/laracrud/vendor/laravel-zero/foundation/src/Illuminate/Foundation/Console/Kernel.php(129): Illuminate\\Console\\Application->run(Object(Symfony\\Component\\Console\\Input\\ArgvInput), Object(Symfony\\Component\\Console\\Output\\ConsoleOutput))
#18 /Users/temitopeolotin/PhpstormProjects/laracrud/laracrud/vendor/laravel-zero/framework/src/Kernel.php(91): Illuminate\\Foundation\\Console\\Kernel->handle(Object(Symfony\\Component\\Console\\Input\\ArgvInput), Object(Symfony\\Component\\Console\\Output\\ConsoleOutput))
#19 /Users/temitopeolotin/PhpstormProjects/laracrud/laracrud/laracrud(37): LaravelZero\\Framework\\Kernel->handle(Object(Symfony\\Component\\Console\\Input\\ArgvInput), Object(Symfony\\Component\\Console\\Output\\ConsoleOutput))
#20 {main}
"} 
[2021-04-06 11:43:24] development.ERROR: Typed property Laztopaz\Builders\MigrationServiceBuilder::$mode must not be accessed before initialization {"exception":"[object] (Error(code: 0): Typed property Laztopaz\\Builders\\MigrationServiceBuilder::$mode must not be accessed before initialization at /Users/temitopeolotin/PhpstormProjects/laracrud/laracrud/app/Builders/MigrationServiceBuilder.php:254)
[stacktrace]
#0 /Users/temitopeolotin/PhpstormProjects/laracrud/laracrud/app/Builders/MigrationServiceBuilder.php(88): Laztopaz\\Builders\\MigrationServiceBuilder->getSchemaMode()
#1 /Users/temitopeolotin/PhpstormProjects/laracrud/laracrud/app/Builders/MigrationServiceBuilder.php(309): Laztopaz\\Builders\\MigrationServiceBuilder->getSchemaTearUp()
#2 /Users/temitopeolotin/PhpstormProjects/laracrud/laracrud/app/Directors/OutPutDirector.php(26): Laztopaz\\Builders\\MigrationServiceBuilder->build()
#3 /Users/temitopeolotin/PhpstormProjects/laracrud/laracrud/app/Commands/LaraCrudCommand.php(81): Laztopaz\\Directors\\OutPutDirector->getFileContent()
#4 [internal function]: Laztopaz\\Commands\\LaraCrudCommand->handle()
#5 /Users/temitopeolotin/PhpstormProjects/laracrud/laracrud/vendor/illuminate/container/BoundMethod.php(37): call_user_func_array(Array, Array)
#6 /Users/temitopeolotin/PhpstormProjects/laracrud/laracrud/vendor/illuminate/container/Util.php(37): Illuminate\\Container\\BoundMethod::Illuminate\\Container\\{closure}()
#7 /Users/temitopeolotin/PhpstormProjects/laracrud/laracrud/vendor/illuminate/container/BoundMethod.php(95): Illuminate\\Container\\Util::unwrapIfClosure(Object(Closure))
#8 /Users/temitopeolotin/PhpstormProjects/laracrud/laracrud/vendor/illuminate/container/BoundMethod.php(39): Illuminate\\Container\\BoundMethod::callBoundMethod(Object(LaravelZero\\Framework\\Application), Array, Object(Closure))
#9 /Users/temitopeolotin/PhpstormProjects/laracrud/laracrud/vendor/illuminate/container/Container.php(596): Illuminate\\Container\\BoundMethod::call(Object(LaravelZero\\Framework\\Application), Array, Array, NULL)
#10 /Users/temitopeolotin/PhpstormProjects/laracrud/laracrud/vendor/illuminate/console/Command.php(134): Illuminate\\Container\\Container->call(Array)
#11 /Users/temitopeolotin/PhpstormProjects/laracrud/laracrud/vendor/symfony/console/Command/Command.php(258): Illuminate\\Console\\Command->execute(Object(Symfony\\Component\\Console\\Input\\ArgvInput), Object(Illuminate\\Console\\OutputStyle))
#12 /Users/temitopeolotin/PhpstormProjects/laracrud/laracrud/vendor/illuminate/console/Command.php(121): Symfony\\Component\\Console\\Command\\Command->run(Object(Symfony\\Component\\Console\\Input\\ArgvInput), Object(Illuminate\\Console\\OutputStyle))
#13 /Users/temitopeolotin/PhpstormProjects/laracrud/laracrud/vendor/symfony/console/Application.php(911): Illuminate\\Console\\Command->run(Object(Symfony\\Component\\Console\\Input\\ArgvInput), Object(Symfony\\Component\\Console\\Output\\ConsoleOutput))
#14 /Users/temitopeolotin/PhpstormProjects/laracrud/laracrud/vendor/symfony/console/Application.php(264): Symfony\\Component\\Console\\Application->doRunCommand(Object(Laztopaz\\Commands\\LaraCrudCommand), Object(Symfony\\Component\\Console\\Input\\ArgvInput), Object(Symfony\\Component\\Console\\Output\\ConsoleOutput))
#15 /Users/temitopeolotin/PhpstormProjects/laracrud/laracrud/vendor/symfony/console/Application.php(140): Symfony\\Component\\Console\\Application->doRun(Object(Symfony\\Component\\Console\\Input\\ArgvInput), Object(Symfony\\Component\\Console\\Output\\ConsoleOutput))
#16 /Users/temitopeolotin/PhpstormProjects/laracrud/laracrud/vendor/illuminate/console/Application.php(93): Symfony\\Component\\Console\\Application->run(Object(Symfony\\Component\\Console\\Input\\ArgvInput), Object(Symfony\\Component\\Console\\Output\\ConsoleOutput))
#17 /Users/temitopeolotin/PhpstormProjects/laracrud/laracrud/vendor/laravel-zero/foundation/src/Illuminate/Foundation/Console/Kernel.php(129): Illuminate\\Console\\Application->run(Object(Symfony\\Component\\Console\\Input\\ArgvInput), Object(Symfony\\Component\\Console\\Output\\ConsoleOutput))
#18 /Users/temitopeolotin/PhpstormProjects/laracrud/laracrud/vendor/laravel-zero/framework/src/Kernel.php(91): Illuminate\\Foundation\\Console\\Kernel->handle(Object(Symfony\\Component\\Console\\Input\\ArgvInput), Object(Symfony\\Component\\Console\\Output\\ConsoleOutput))
#19 /Users/temitopeolotin/PhpstormProjects/laracrud/laracrud/laracrud(37): LaravelZero\\Framework\\Kernel->handle(Object(Symfony\\Component\\Console\\Input\\ArgvInput), Object(Symfony\\Component\\Console\\Output\\ConsoleOutput))
#20 {main}
"} 
[2021-04-06 11:44:18] development.ERROR: Typed property Laztopaz\Builders\MigrationServiceBuilder::$mode must not be accessed before initialization {"exception":"[object] (Error(code: 0): Typed property Laztopaz\\Builders\\MigrationServiceBuilder::$mode must not be accessed before initialization at /Users/temitopeolotin/PhpstormProjects/laracrud/laracrud/app/Builders/MigrationServiceBuilder.php:245)
[stacktrace]
#0 /Users/temitopeolotin/PhpstormProjects/laracrud/laracrud/app/Commands/LaraCrudCommand.php(184): Laztopaz\\Builders\\MigrationServiceBuilder->setSchemaMode('update')
#1 /Users/temitopeolotin/PhpstormProjects/laracrud/laracrud/app/Commands/LaraCrudCommand.php(64): Laztopaz\\Commands\\LaraCrudCommand->buildMigration(Object(Laztopaz\\Builders\\MigrationServiceBuilder), 'check_if_teache...', 'Teacher', 'update')
#2 [internal function]: Laztopaz\\Commands\\LaraCrudCommand->handle()
#3 /Users/temitopeolotin/PhpstormProjects/laracrud/laracrud/vendor/illuminate/container/BoundMethod.php(37): call_user_func_array(Array, Array)
#4 /Users/temitopeolotin/PhpstormProjects/laracrud/laracrud/vendor/illuminate/container/Util.php(37): Illuminate\\Container\\BoundMethod::Illuminate\\Container\\{closure}()
#5 /Users/temitopeolotin/PhpstormProjects/laracrud/laracrud/vendor/illuminate/container/BoundMethod.php(95): Illuminate\\Container\\Util::unwrapIfClosure(Object(Closure))
#6 /Users/temitopeolotin/PhpstormProjects/laracrud/laracrud/vendor/illuminate/container/BoundMethod.php(39): Illuminate\\Container\\BoundMethod::callBoundMethod(Object(LaravelZero\\Framework\\Application), Array, Object(Closure))
#7 /Users/temitopeolotin/PhpstormProjects/laracrud/laracrud/vendor/illuminate/container/Container.php(596): Illuminate\\Container\\BoundMethod::call(Object(LaravelZero\\Framework\\Application), Array, Array, NULL)
#8 /Users/temitopeolotin/PhpstormProjects/laracrud/laracrud/vendor/illuminate/console/Command.php(134): Illuminate\\Container\\Container->call(Array)
#9 /Users/temitopeolotin/PhpstormProjects/laracrud/laracrud/vendor/symfony/console/Command/Command.php(258): Illuminate\\Console\\Command->execute(Object(Symfony\\Component\\Console\\Input\\ArgvInput), Object(Illuminate\\Console\\OutputStyle))
#10 /Users/temitopeolotin/PhpstormProjects/laracrud/laracrud/vendor/illuminate/console/Command.php(121): Symfony\\Component\\Console\\Command\\Command->run(Object(Symfony\\Component\\Console\\Input\\ArgvInput), Object(Illuminate\\Console\\OutputStyle))
#11 /Users/temitopeolotin/PhpstormProjects/laracrud/laracrud/vendor/symfony/console/Application.php(911): Illuminate\\Console\\Command->run(Object(Symfony\\Component\\Console\\Input\\ArgvInput), Object(Symfony\\Component\\Console\\Output\\ConsoleOutput))
#12 /Users/temitopeolotin/PhpstormProjects/laracrud/laracrud/vendor/symfony/console/Application.php(264): Symfony\\Component\\Console\\Application->doRunCommand(Object(Laztopaz\\Commands\\LaraCrudCommand), Object(Symfony\\Component\\Console\\Input\\ArgvInput), Object(Symfony\\Component\\Console\\Output\\ConsoleOutput))
#13 /Users/temitopeolotin/PhpstormProjects/laracrud/laracrud/vendor/symfony/console/Application.php(140): Symfony\\Component\\Console\\Application->doRun(Object(Symfony\\Component\\Console\\Input\\ArgvInput), Object(Symfony\\Component\\Console\\Output\\ConsoleOutput))
#14 /Users/temitopeolotin/PhpstormProjects/laracrud/laracrud/vendor/illuminate/console/Application.php(93): Symfony\\Component\\Console\\Application->run(Object(Symfony\\Component\\Console\\Input\\ArgvInput), Object(Symfony\\Component\\Console\\Output\\ConsoleOutput))
#15 /Users/temitopeolotin/PhpstormProjects/laracrud/laracrud/vendor/laravel-zero/foundation/src/Illuminate/Foundation/Console/Kernel.php(129): Illuminate\\Console\\Application->run(Object(Symfony\\Component\\Console\\Input\\ArgvInput), Object(Symfony\\Component\\Console\\Output\\ConsoleOutput))
#16 /Users/temitopeolotin/PhpstormProjects/laracrud/laracrud/vendor/laravel-zero/framework/src/Kernel.php(91): Illuminate\\Foundation\\Console\\Kernel->handle(Object(Symfony\\Component\\Console\\Input\\ArgvInput), Object(Symfony\\Component\\Console\\Output\\ConsoleOutput))
#17 /Users/temitopeolotin/PhpstormProjects/laracrud/laracrud/laracrud(37): LaravelZero\\Framework\\Kernel->handle(Object(Symfony\\Component\\Console\\Input\\ArgvInput), Object(Symfony\\Component\\Console\\Output\\ConsoleOutput))
#18 {main}
"} 
[2021-04-06 11:48:04] development.ERROR: Typed property Laztopaz\Builders\MigrationServiceBuilder::$mode must be string, null used {"exception":"[object] (TypeError(code: 0): Typed property Laztopaz\\Builders\\MigrationServiceBuilder::$mode must be string, null used at /Users/temitopeolotin/PhpstormProjects/laracrud/laracrud/app/Builders/MigrationServiceBuilder.php:238)
[stacktrace]
#0 /Users/temitopeolotin/PhpstormProjects/laracrud/laracrud/app/Commands/LaraCrudCommand.php(184): Laztopaz\\Builders\\MigrationServiceBuilder->setSchemaMode(NULL)
#1 /Users/temitopeolotin/PhpstormProjects/laracrud/laracrud/app/Commands/LaraCrudCommand.php(64): Laztopaz\\Commands\\LaraCrudCommand->buildMigration(Object(Laztopaz\\Builders\\MigrationServiceBuilder), NULL, 'User', NULL)
#2 [internal function]: Laztopaz\\Commands\\LaraCrudCommand->handle()
#3 /Users/temitopeolotin/PhpstormProjects/laracrud/laracrud/vendor/illuminate/container/BoundMethod.php(37): call_user_func_array(Array, Array)
#4 /Users/temitopeolotin/PhpstormProjects/laracrud/laracrud/vendor/illuminate/container/Util.php(37): Illuminate\\Container\\BoundMethod::Illuminate\\Container\\{closure}()
#5 /Users/temitopeolotin/PhpstormProjects/laracrud/laracrud/vendor/illuminate/container/BoundMethod.php(95): Illuminate\\Container\\Util::unwrapIfClosure(Object(Closure))
#6 /Users/temitopeolotin/PhpstormProjects/laracrud/laracrud/vendor/illuminate/container/BoundMethod.php(39): Illuminate\\Container\\BoundMethod::callBoundMethod(Object(LaravelZero\\Framework\\Application), Array, Object(Closure))
#7 /Users/temitopeolotin/PhpstormProjects/laracrud/laracrud/vendor/illuminate/container/Container.php(596): Illuminate\\Container\\BoundMethod::call(Object(LaravelZero\\Framework\\Application), Array, Array, NULL)
#8 /Users/temitopeolotin/PhpstormProjects/laracrud/laracrud/vendor/illuminate/console/Command.php(134): Illuminate\\Container\\Container->call(Array)
#9 /Users/temitopeolotin/PhpstormProjects/laracrud/laracrud/vendor/symfony/console/Command/Command.php(258): Illuminate\\Console\\Command->execute(Object(Symfony\\Component\\Console\\Input\\ArgvInput), Object(Illuminate\\Console\\OutputStyle))
#10 /Users/temitopeolotin/PhpstormProjects/laracrud/laracrud/vendor/illuminate/console/Command.php(121): Symfony\\Component\\Console\\Command\\Command->run(Object(Symfony\\Component\\Console\\Input\\ArgvInput), Object(Illuminate\\Console\\OutputStyle))
#11 /Users/temitopeolotin/PhpstormProjects/laracrud/laracrud/vendor/symfony/console/Application.php(911): Illuminate\\Console\\Command->run(Object(Symfony\\Component\\Console\\Input\\ArgvInput), Object(Symfony\\Component\\Console\\Output\\ConsoleOutput))
#12 /Users/temitopeolotin/PhpstormProjects/laracrud/laracrud/vendor/symfony/console/Application.php(264): Symfony\\Component\\Console\\Application->doRunCommand(Object(Laztopaz\\Commands\\LaraCrudCommand), Object(Symfony\\Component\\Console\\Input\\ArgvInput), Object(Symfony\\Component\\Console\\Output\\ConsoleOutput))
#13 /Users/temitopeolotin/PhpstormProjects/laracrud/laracrud/vendor/symfony/console/Application.php(140): Symfony\\Component\\Console\\Application->doRun(Object(Symfony\\Component\\Console\\Input\\ArgvInput), Object(Symfony\\Component\\Console\\Output\\ConsoleOutput))
#14 /Users/temitopeolotin/PhpstormProjects/laracrud/laracrud/vendor/illuminate/console/Application.php(93): Symfony\\Component\\Console\\Application->run(Object(Symfony\\Component\\Console\\Input\\ArgvInput), Object(Symfony\\Component\\Console\\Output\\ConsoleOutput))
#15 /Users/temitopeolotin/PhpstormProjects/laracrud/laracrud/vendor/laravel-zero/foundation/src/Illuminate/Foundation/Console/Kernel.php(129): Illuminate\\Console\\Application->run(Object(Symfony\\Component\\Console\\Input\\ArgvInput), Object(Symfony\\Component\\Console\\Output\\ConsoleOutput))
#16 /Users/temitopeolotin/PhpstormProjects/laracrud/laracrud/vendor/laravel-zero/framework/src/Kernel.php(91): Illuminate\\Foundation\\Console\\Kernel->handle(Object(Symfony\\Component\\Console\\Input\\ArgvInput), Object(Symfony\\Component\\Console\\Output\\ConsoleOutput))
#17 /Users/temitopeolotin/PhpstormProjects/laracrud/laracrud/laracrud(37): LaravelZero\\Framework\\Kernel->handle(Object(Symfony\\Component\\Console\\Input\\ArgvInput), Object(Symfony\\Component\\Console\\Output\\ConsoleOutput))
#18 {main}
"} 
[2021-04-06 11:57:40] development.ERROR: Return value of Laztopaz\Builders\MigrationServiceBuilder::getSchemaMode() must be of the type string, null returned {"exception":"[object] (TypeError(code: 0): Return value of Laztopaz\\Builders\\MigrationServiceBuilder::getSchemaMode() must be of the type string, null returned at /Users/temitopeolotin/PhpstormProjects/laracrud/laracrud/app/Builders/MigrationServiceBuilder.php:256)
[stacktrace]
#0 /Users/temitopeolotin/PhpstormProjects/laracrud/laracrud/app/Builders/MigrationServiceBuilder.php(88): Laztopaz\\Builders\\MigrationServiceBuilder->getSchemaMode()
#1 /Users/temitopeolotin/PhpstormProjects/laracrud/laracrud/app/Builders/MigrationServiceBuilder.php(311): Laztopaz\\Builders\\MigrationServiceBuilder->getSchemaTearUp()
#2 /Users/temitopeolotin/PhpstormProjects/laracrud/laracrud/app/Directors/OutPutDirector.php(26): Laztopaz\\Builders\\MigrationServiceBuilder->build()
#3 /Users/temitopeolotin/PhpstormProjects/laracrud/laracrud/app/Commands/LaraCrudCommand.php(81): Laztopaz\\Directors\\OutPutDirector->getFileContent()
#4 [internal function]: Laztopaz\\Commands\\LaraCrudCommand->handle()
#5 /Users/temitopeolotin/PhpstormProjects/laracrud/laracrud/vendor/illuminate/container/BoundMethod.php(37): call_user_func_array(Array, Array)
#6 /Users/temitopeolotin/PhpstormProjects/laracrud/laracrud/vendor/illuminate/container/Util.php(37): Illuminate\\Container\\BoundMethod::Illuminate\\Container\\{closure}()
#7 /Users/temitopeolotin/PhpstormProjects/laracrud/laracrud/vendor/illuminate/container/BoundMethod.php(95): Illuminate\\Container\\Util::unwrapIfClosure(Object(Closure))
#8 /Users/temitopeolotin/PhpstormProjects/laracrud/laracrud/vendor/illuminate/container/BoundMethod.php(39): Illuminate\\Container\\BoundMethod::callBoundMethod(Object(LaravelZero\\Framework\\Application), Array, Object(Closure))
#9 /Users/temitopeolotin/PhpstormProjects/laracrud/laracrud/vendor/illuminate/container/Container.php(596): Illuminate\\Container\\BoundMethod::call(Object(LaravelZero\\Framework\\Application), Array, Array, NULL)
#10 /Users/temitopeolotin/PhpstormProjects/laracrud/laracrud/vendor/illuminate/console/Command.php(134): Illuminate\\Container\\Container->call(Array)
#11 /Users/temitopeolotin/PhpstormProjects/laracrud/laracrud/vendor/symfony/console/Command/Command.php(258): Illuminate\\Console\\Command->execute(Object(Symfony\\Component\\Console\\Input\\ArgvInput), Object(Illuminate\\Console\\OutputStyle))
#12 /Users/temitopeolotin/PhpstormProjects/laracrud/laracrud/vendor/illuminate/console/Command.php(121): Symfony\\Component\\Console\\Command\\Command->run(Object(Symfony\\Component\\Console\\Input\\ArgvInput), Object(Illuminate\\Console\\OutputStyle))
#13 /Users/temitopeolotin/PhpstormProjects/laracrud/laracrud/vendor/symfony/console/Application.php(911): Illuminate\\Console\\Command->run(Object(Symfony\\Component\\Console\\Input\\ArgvInput), Object(Symfony\\Component\\Console\\Output\\ConsoleOutput))
#14 /Users/temitopeolotin/PhpstormProjects/laracrud/laracrud/vendor/symfony/console/Application.php(264): Symfony\\Component\\Console\\Application->doRunCommand(Object(Laztopaz\\Commands\\LaraCrudCommand), Object(Symfony\\Component\\Console\\Input\\ArgvInput), Object(Symfony\\Component\\Console\\Output\\ConsoleOutput))
#15 /Users/temitopeolotin/PhpstormProjects/laracrud/laracrud/vendor/symfony/console/Application.php(140): Symfony\\Component\\Console\\Application->doRun(Object(Symfony\\Component\\Console\\Input\\ArgvInput), Object(Symfony\\Component\\Console\\Output\\ConsoleOutput))
#16 /Users/temitopeolotin/PhpstormProjects/laracrud/laracrud/vendor/illuminate/console/Application.php(93): Symfony\\Component\\Console\\Application->run(Object(Symfony\\Component\\Console\\Input\\ArgvInput), Object(Symfony\\Component\\Console\\Output\\ConsoleOutput))
#17 /Users/temitopeolotin/PhpstormProjects/laracrud/laracrud/vendor/laravel-zero/foundation/src/Illuminate/Foundation/Console/Kernel.php(129): Illuminate\\Console\\Application->run(Object(Symfony\\Component\\Console\\Input\\ArgvInput), Object(Symfony\\Component\\Console\\Output\\ConsoleOutput))
#18 /Users/temitopeolotin/PhpstormProjects/laracrud/laracrud/vendor/laravel-zero/framework/src/Kernel.php(91): Illuminate\\Foundation\\Console\\Kernel->handle(Object(Symfony\\Component\\Console\\Input\\ArgvInput), Object(Symfony\\Component\\Console\\Output\\ConsoleOutput))
#19 /Users/temitopeolotin/PhpstormProjects/laracrud/laracrud/laracrud(37): LaravelZero\\Framework\\Kernel->handle(Object(Symfony\\Component\\Console\\Input\\ArgvInput), Object(Symfony\\Component\\Console\\Output\\ConsoleOutput))
#20 {main}
"} 
