[2020-08-29 06:46:26] development.ERROR: The "--dump" option does not exist. {"exception":"[object] (Symfony\\Component\\Console\\Exception\\RuntimeException(code: 0): The \"--dump\" option does not exist. at /Users/temitopeolotin/PhpstormProjects/laracrud/laracrud/vendor/symfony/console/Input/ArgvInput.php:200)
[stacktrace]
#0 /Users/temitopeolotin/PhpstormProjects/laracrud/laracrud/vendor/symfony/console/Input/ArgvInput.php(144): Symfony\\Component\\Console\\Input\\ArgvInput->addLongOption('dump', NULL)
#1 /Users/temitopeolotin/PhpstormProjects/laracrud/laracrud/vendor/symfony/console/Input/ArgvInput.php(78): Symfony\\Component\\Console\\Input\\ArgvInput->parseLongOption('--dump')
#2 /Users/temitopeolotin/PhpstormProjects/laracrud/laracrud/vendor/symfony/console/Input/Input.php(55): Symfony\\Component\\Console\\Input\\ArgvInput->parse()
#3 /Users/temitopeolotin/PhpstormProjects/laracrud/laracrud/vendor/symfony/console/Command/Command.php(217): Symfony\\Component\\Console\\Input\\Input->bind(Object(Symfony\\Component\\Console\\Input\\InputDefinition))
#4 /Users/temitopeolotin/PhpstormProjects/laracrud/laracrud/vendor/illuminate/console/Command.php(121): Symfony\\Component\\Console\\Command\\Command->run(Object(Symfony\\Component\\Console\\Input\\ArgvInput), Object(Illuminate\\Console\\OutputStyle))
#5 /Users/temitopeolotin/PhpstormProjects/laracrud/laracrud/vendor/symfony/console/Application.php(911): Illuminate\\Console\\Command->run(Object(Symfony\\Component\\Console\\Input\\ArgvInput), Object(Symfony\\Component\\Console\\Output\\ConsoleOutput))
#6 /Users/temitopeolotin/PhpstormProjects/laracrud/laracrud/vendor/symfony/console/Application.php(264): Symfony\\Component\\Console\\Application->doRunCommand(Object(Laztopaz\\Commands\\LaraCrudCommand), Object(Symfony\\Component\\Console\\Input\\ArgvInput), Object(Symfony\\Component\\Console\\Output\\ConsoleOutput))
#7 /Users/temitopeolotin/PhpstormProjects/laracrud/laracrud/vendor/symfony/console/Application.php(140): Symfony\\Component\\Console\\Application->doRun(Object(Symfony\\Component\\Console\\Input\\ArgvInput), Object(Symfony\\Component\\Console\\Output\\ConsoleOutput))
#8 /Users/temitopeolotin/PhpstormProjects/laracrud/laracrud/vendor/illuminate/console/Application.php(93): Symfony\\Component\\Console\\Application->run(Object(Symfony\\Component\\Console\\Input\\ArgvInput), Object(Symfony\\Component\\Console\\Output\\ConsoleOutput))
#9 /Users/temitopeolotin/PhpstormProjects/laracrud/laracrud/vendor/laravel-zero/foundation/src/Illuminate/Foundation/Console/Kernel.php(129): Illuminate\\Console\\Application->run(Object(Symfony\\Component\\Console\\Input\\ArgvInput), Object(Symfony\\Component\\Console\\Output\\ConsoleOutput))
#10 /Users/temitopeolotin/PhpstormProjects/laracrud/laracrud/vendor/laravel-zero/framework/src/Kernel.php(91): Illuminate\\Foundation\\Console\\Kernel->handle(Object(Symfony\\Component\\Console\\Input\\ArgvInput), Object(Symfony\\Component\\Console\\Output\\ConsoleOutput))
#11 /Users/temitopeolotin/PhpstormProjects/laracrud/laracrud/laracrud(37): LaravelZero\\Framework\\Kernel->handle(Object(Symfony\\Component\\Console\\Input\\ArgvInput), Object(Symfony\\Component\\Console\\Output\\ConsoleOutput))
#12 {main}
"} 
[2020-08-29 06:47:19] development.ERROR: The "--dump" option does not exist. {"exception":"[object] (Symfony\\Component\\Console\\Exception\\RuntimeException(code: 0): The \"--dump\" option does not exist. at /Users/temitopeolotin/PhpstormProjects/laracrud/laracrud/vendor/symfony/console/Input/ArgvInput.php:200)
[stacktrace]
#0 /Users/temitopeolotin/PhpstormProjects/laracrud/laracrud/vendor/symfony/console/Input/ArgvInput.php(144): Symfony\\Component\\Console\\Input\\ArgvInput->addLongOption('dump', NULL)
#1 /Users/temitopeolotin/PhpstormProjects/laracrud/laracrud/vendor/symfony/console/Input/ArgvInput.php(78): Symfony\\Component\\Console\\Input\\ArgvInput->parseLongOption('--dump')
#2 /Users/temitopeolotin/PhpstormProjects/laracrud/laracrud/vendor/symfony/console/Input/Input.php(55): Symfony\\Component\\Console\\Input\\ArgvInput->parse()
#3 /Users/temitopeolotin/PhpstormProjects/laracrud/laracrud/vendor/symfony/console/Command/Command.php(217): Symfony\\Component\\Console\\Input\\Input->bind(Object(Symfony\\Component\\Console\\Input\\InputDefinition))
#4 /Users/temitopeolotin/PhpstormProjects/laracrud/laracrud/vendor/illuminate/console/Command.php(121): Symfony\\Component\\Console\\Command\\Command->run(Object(Symfony\\Component\\Console\\Input\\ArgvInput), Object(Illuminate\\Console\\OutputStyle))
#5 /Users/temitopeolotin/PhpstormProjects/laracrud/laracrud/vendor/symfony/console/Application.php(911): Illuminate\\Console\\Command->run(Object(Symfony\\Component\\Console\\Input\\ArgvInput), Object(Symfony\\Component\\Console\\Output\\ConsoleOutput))
#6 /Users/temitopeolotin/PhpstormProjects/laracrud/laracrud/vendor/symfony/console/Application.php(264): Symfony\\Component\\Console\\Application->doRunCommand(Object(Laztopaz\\Commands\\LaraCrudCommand), Object(Symfony\\Component\\Console\\Input\\ArgvInput), Object(Symfony\\Component\\Console\\Output\\ConsoleOutput))
#7 /Users/temitopeolotin/PhpstormProjects/laracrud/laracrud/vendor/symfony/console/Application.php(140): Symfony\\Component\\Console\\Application->doRun(Object(Symfony\\Component\\Console\\Input\\ArgvInput), Object(Symfony\\Component\\Console\\Output\\ConsoleOutput))
#8 /Users/temitopeolotin/PhpstormProjects/laracrud/laracrud/vendor/illuminate/console/Application.php(93): Symfony\\Component\\Console\\Application->run(Object(Symfony\\Component\\Console\\Input\\ArgvInput), Object(Symfony\\Component\\Console\\Output\\ConsoleOutput))
#9 /Users/temitopeolotin/PhpstormProjects/laracrud/laracrud/vendor/laravel-zero/foundation/src/Illuminate/Foundation/Console/Kernel.php(129): Illuminate\\Console\\Application->run(Object(Symfony\\Component\\Console\\Input\\ArgvInput), Object(Symfony\\Component\\Console\\Output\\ConsoleOutput))
#10 /Users/temitopeolotin/PhpstormProjects/laracrud/laracrud/vendor/laravel-zero/framework/src/Kernel.php(91): Illuminate\\Foundation\\Console\\Kernel->handle(Object(Symfony\\Component\\Console\\Input\\ArgvInput), Object(Symfony\\Component\\Console\\Output\\ConsoleOutput))
#11 /Users/temitopeolotin/PhpstormProjects/laracrud/laracrud/laracrud(37): LaravelZero\\Framework\\Kernel->handle(Object(Symfony\\Component\\Console\\Input\\ArgvInput), Object(Symfony\\Component\\Console\\Output\\ConsoleOutput))
#12 {main}
"} 
[2020-08-29 07:02:41] development.ERROR: Typed property Laztopaz\Builders\MigrationServiceBuilder::$className must not be accessed before initialization {"exception":"[object] (Error(code: 0): Typed property Laztopaz\\Builders\\MigrationServiceBuilder::$className must not be accessed before initialization at /Users/temitopeolotin/PhpstormProjects/laracrud/laracrud/app/Builders/MigrationServiceBuilder.php:268)
[stacktrace]
#0 /Users/temitopeolotin/PhpstormProjects/laracrud/laracrud/app/Builders/MigrationServiceBuilder.php(67): Laztopaz\\Builders\\MigrationServiceBuilder->getClassName()
#1 /Users/temitopeolotin/PhpstormProjects/laracrud/laracrud/app/Builders/MigrationServiceBuilder.php(300): Laztopaz\\Builders\\MigrationServiceBuilder->getClassDefinition()
#2 /Users/temitopeolotin/PhpstormProjects/laracrud/laracrud/app/Directors/OutPutDirector.php(26): Laztopaz\\Builders\\MigrationServiceBuilder->build()
#3 /Users/temitopeolotin/PhpstormProjects/laracrud/laracrud/app/Commands/LaraCrudCommand.php(76): Laztopaz\\Directors\\OutPutDirector->getFileContent()
#4 [internal function]: Laztopaz\\Commands\\LaraCrudCommand->handle(Object(Laztopaz\\Services\\ModelFileWriterService), Object(Laztopaz\\Services\\MigrationFileWriterService))
#5 /Users/temitopeolotin/PhpstormProjects/laracrud/laracrud/vendor/illuminate/container/BoundMethod.php(37): call_user_func_array(Array, Array)
#6 /Users/temitopeolotin/PhpstormProjects/laracrud/laracrud/vendor/illuminate/container/Util.php(37): Illuminate\\Container\\BoundMethod::Illuminate\\Container\\{closure}()
#7 /Users/temitopeolotin/PhpstormProjects/laracrud/laracrud/vendor/illuminate/container/BoundMethod.php(95): Illuminate\\Container\\Util::unwrapIfClosure(Object(Closure))
#8 /Users/temitopeolotin/PhpstormProjects/laracrud/laracrud/vendor/illuminate/container/BoundMethod.php(39): Illuminate\\Container\\BoundMethod::callBoundMethod(Object(LaravelZero\\Framework\\Application), Array, Object(Closure))
#9 /Users/temitopeolotin/PhpstormProjects/laracrud/laracrud/vendor/illuminate/container/Container.php(596): Illuminate\\Container\\BoundMethod::call(Object(LaravelZero\\Framework\\Application), Array, Array, NULL)
#10 /Users/temitopeolotin/PhpstormProjects/laracrud/laracrud/vendor/illuminate/console/Command.php(134): Illuminate\\Container\\Container->call(Array)
#11 /Users/temitopeolotin/PhpstormProjects/laracrud/laracrud/vendor/symfony/console/Command/Command.php(258): Illuminate\\Console\\Command->execute(Object(Symfony\\Component\\Console\\Input\\ArgvInput), Object(Illuminate\\Console\\OutputStyle))
#12 /Users/temitopeolotin/PhpstormProjects/laracrud/laracrud/vendor/illuminate/console/Command.php(121): Symfony\\Component\\Console\\Command\\Command->run(Object(Symfony\\Component\\Console\\Input\\ArgvInput), Object(Illuminate\\Console\\OutputStyle))
#13 /Users/temitopeolotin/PhpstormProjects/laracrud/laracrud/vendor/symfony/console/Application.php(911): Illuminate\\Console\\Command->run(Object(Symfony\\Component\\Console\\Input\\ArgvInput), Object(Symfony\\Component\\Console\\Output\\ConsoleOutput))
#14 /Users/temitopeolotin/PhpstormProjects/laracrud/laracrud/vendor/symfony/console/Application.php(264): Symfony\\Component\\Console\\Application->doRunCommand(Object(Laztopaz\\Commands\\LaraCrudCommand), Object(Symfony\\Component\\Console\\Input\\ArgvInput), Object(Symfony\\Component\\Console\\Output\\ConsoleOutput))
#15 /Users/temitopeolotin/PhpstormProjects/laracrud/laracrud/vendor/symfony/console/Application.php(140): Symfony\\Component\\Console\\Application->doRun(Object(Symfony\\Component\\Console\\Input\\ArgvInput), Object(Symfony\\Component\\Console\\Output\\ConsoleOutput))
#16 /Users/temitopeolotin/PhpstormProjects/laracrud/laracrud/vendor/illuminate/console/Application.php(93): Symfony\\Component\\Console\\Application->run(Object(Symfony\\Component\\Console\\Input\\ArgvInput), Object(Symfony\\Component\\Console\\Output\\ConsoleOutput))
#17 /Users/temitopeolotin/PhpstormProjects/laracrud/laracrud/vendor/laravel-zero/foundation/src/Illuminate/Foundation/Console/Kernel.php(129): Illuminate\\Console\\Application->run(Object(Symfony\\Component\\Console\\Input\\ArgvInput), Object(Symfony\\Component\\Console\\Output\\ConsoleOutput))
#18 /Users/temitopeolotin/PhpstormProjects/laracrud/laracrud/vendor/laravel-zero/framework/src/Kernel.php(91): Illuminate\\Foundation\\Console\\Kernel->handle(Object(Symfony\\Component\\Console\\Input\\ArgvInput), Object(Symfony\\Component\\Console\\Output\\ConsoleOutput))
#19 /Users/temitopeolotin/PhpstormProjects/laracrud/laracrud/laracrud(37): LaravelZero\\Framework\\Kernel->handle(Object(Symfony\\Component\\Console\\Input\\ArgvInput), Object(Symfony\\Component\\Console\\Output\\ConsoleOutput))
#20 {main}
"} 
[2020-08-29 19:35:59] development.ERROR: Target [Laztopaz\Contracts\FileWriterAbstractFactory] is not instantiable. {"exception":"[object] (Illuminate\\Contracts\\Container\\BindingResolutionException(code: 0): Target [Laztopaz\\Contracts\\FileWriterAbstractFactory] is not instantiable. at /Users/temitopeolotin/PhpstormProjects/laracrud/laracrud/vendor/illuminate/container/Container.php:1017)
[stacktrace]
#0 /Users/temitopeolotin/PhpstormProjects/laracrud/laracrud/vendor/illuminate/container/Container.php(818): Illuminate\\Container\\Container->notInstantiable('Laztopaz\\\\Contra...')
#1 /Users/temitopeolotin/PhpstormProjects/laracrud/laracrud/vendor/illuminate/container/Container.php(691): Illuminate\\Container\\Container->build('Laztopaz\\\\Contra...')
#2 /Users/temitopeolotin/PhpstormProjects/laracrud/laracrud/vendor/laravel-zero/foundation/src/Illuminate/Foundation/Application.php(795): Illuminate\\Container\\Container->resolve('Laztopaz\\\\Contra...', Array, true)
#3 /Users/temitopeolotin/PhpstormProjects/laracrud/laracrud/vendor/illuminate/container/Container.php(637): Illuminate\\Foundation\\Application->resolve('Laztopaz\\\\Contra...', Array)
#4 /Users/temitopeolotin/PhpstormProjects/laracrud/laracrud/vendor/laravel-zero/foundation/src/Illuminate/Foundation/Application.php(780): Illuminate\\Container\\Container->make('Laztopaz\\\\Contra...', Array)
#5 /Users/temitopeolotin/PhpstormProjects/laracrud/laracrud/vendor/illuminate/container/BoundMethod.php(175): Illuminate\\Foundation\\Application->make('Laztopaz\\\\Contra...')
#6 /Users/temitopeolotin/PhpstormProjects/laracrud/laracrud/vendor/illuminate/container/BoundMethod.php(126): Illuminate\\Container\\BoundMethod::addDependencyForCallParameter(Object(LaravelZero\\Framework\\Application), Object(ReflectionParameter), Array, Array)
#7 /Users/temitopeolotin/PhpstormProjects/laracrud/laracrud/vendor/illuminate/container/BoundMethod.php(37): Illuminate\\Container\\BoundMethod::getMethodDependencies(Object(LaravelZero\\Framework\\Application), Array, Array)
#8 /Users/temitopeolotin/PhpstormProjects/laracrud/laracrud/vendor/illuminate/container/Util.php(37): Illuminate\\Container\\BoundMethod::Illuminate\\Container\\{closure}()
#9 /Users/temitopeolotin/PhpstormProjects/laracrud/laracrud/vendor/illuminate/container/BoundMethod.php(95): Illuminate\\Container\\Util::unwrapIfClosure(Object(Closure))
#10 /Users/temitopeolotin/PhpstormProjects/laracrud/laracrud/vendor/illuminate/container/BoundMethod.php(39): Illuminate\\Container\\BoundMethod::callBoundMethod(Object(LaravelZero\\Framework\\Application), Array, Object(Closure))
#11 /Users/temitopeolotin/PhpstormProjects/laracrud/laracrud/vendor/illuminate/container/Container.php(596): Illuminate\\Container\\BoundMethod::call(Object(LaravelZero\\Framework\\Application), Array, Array, NULL)
#12 /Users/temitopeolotin/PhpstormProjects/laracrud/laracrud/vendor/illuminate/console/Command.php(134): Illuminate\\Container\\Container->call(Array)
#13 /Users/temitopeolotin/PhpstormProjects/laracrud/laracrud/vendor/symfony/console/Command/Command.php(258): Illuminate\\Console\\Command->execute(Object(Symfony\\Component\\Console\\Input\\ArgvInput), Object(Illuminate\\Console\\OutputStyle))
#14 /Users/temitopeolotin/PhpstormProjects/laracrud/laracrud/vendor/illuminate/console/Command.php(121): Symfony\\Component\\Console\\Command\\Command->run(Object(Symfony\\Component\\Console\\Input\\ArgvInput), Object(Illuminate\\Console\\OutputStyle))
#15 /Users/temitopeolotin/PhpstormProjects/laracrud/laracrud/vendor/symfony/console/Application.php(911): Illuminate\\Console\\Command->run(Object(Symfony\\Component\\Console\\Input\\ArgvInput), Object(Symfony\\Component\\Console\\Output\\ConsoleOutput))
#16 /Users/temitopeolotin/PhpstormProjects/laracrud/laracrud/vendor/symfony/console/Application.php(264): Symfony\\Component\\Console\\Application->doRunCommand(Object(Laztopaz\\Commands\\LaraCrudCommand), Object(Symfony\\Component\\Console\\Input\\ArgvInput), Object(Symfony\\Component\\Console\\Output\\ConsoleOutput))
#17 /Users/temitopeolotin/PhpstormProjects/laracrud/laracrud/vendor/symfony/console/Application.php(140): Symfony\\Component\\Console\\Application->doRun(Object(Symfony\\Component\\Console\\Input\\ArgvInput), Object(Symfony\\Component\\Console\\Output\\ConsoleOutput))
#18 /Users/temitopeolotin/PhpstormProjects/laracrud/laracrud/vendor/illuminate/console/Application.php(93): Symfony\\Component\\Console\\Application->run(Object(Symfony\\Component\\Console\\Input\\ArgvInput), Object(Symfony\\Component\\Console\\Output\\ConsoleOutput))
#19 /Users/temitopeolotin/PhpstormProjects/laracrud/laracrud/vendor/laravel-zero/foundation/src/Illuminate/Foundation/Console/Kernel.php(129): Illuminate\\Console\\Application->run(Object(Symfony\\Component\\Console\\Input\\ArgvInput), Object(Symfony\\Component\\Console\\Output\\ConsoleOutput))
#20 /Users/temitopeolotin/PhpstormProjects/laracrud/laracrud/vendor/laravel-zero/framework/src/Kernel.php(91): Illuminate\\Foundation\\Console\\Kernel->handle(Object(Symfony\\Component\\Console\\Input\\ArgvInput), Object(Symfony\\Component\\Console\\Output\\ConsoleOutput))
#21 /Users/temitopeolotin/PhpstormProjects/laracrud/laracrud/laracrud(37): LaravelZero\\Framework\\Kernel->handle(Object(Symfony\\Component\\Console\\Input\\ArgvInput), Object(Symfony\\Component\\Console\\Output\\ConsoleOutput))
#22 {main}
"} 
[2020-08-29 20:21:23] development.ERROR: A function with return type must return a value {"exception":"[object] (Symfony\\Component\\ErrorHandler\\Error\\FatalError(code: 0): A function with return type must return a value at /Users/temitopeolotin/PhpstormProjects/laracrud/laracrud/app/Services/InputReaderService.php:193)
[stacktrace]
#0 {main}
"} 
[2020-08-29 20:37:51] development.ERROR: Call to undefined method Laztopaz\Services\ModelFileWriterService::getWriter() {"exception":"[object] (Error(code: 0): Call to undefined method Laztopaz\\Services\\ModelFileWriterService::getWriter() at /Users/temitopeolotin/PhpstormProjects/laracrud/laracrud/app/Commands/LaraCrudCommand.php:67)
[stacktrace]
#0 [internal function]: Laztopaz\\Commands\\LaraCrudCommand->handle()
#1 /Users/temitopeolotin/PhpstormProjects/laracrud/laracrud/vendor/illuminate/container/BoundMethod.php(37): call_user_func_array(Array, Array)
#2 /Users/temitopeolotin/PhpstormProjects/laracrud/laracrud/vendor/illuminate/container/Util.php(37): Illuminate\\Container\\BoundMethod::Illuminate\\Container\\{closure}()
#3 /Users/temitopeolotin/PhpstormProjects/laracrud/laracrud/vendor/illuminate/container/BoundMethod.php(95): Illuminate\\Container\\Util::unwrapIfClosure(Object(Closure))
#4 /Users/temitopeolotin/PhpstormProjects/laracrud/laracrud/vendor/illuminate/container/BoundMethod.php(39): Illuminate\\Container\\BoundMethod::callBoundMethod(Object(LaravelZero\\Framework\\Application), Array, Object(Closure))
#5 /Users/temitopeolotin/PhpstormProjects/laracrud/laracrud/vendor/illuminate/container/Container.php(596): Illuminate\\Container\\BoundMethod::call(Object(LaravelZero\\Framework\\Application), Array, Array, NULL)
#6 /Users/temitopeolotin/PhpstormProjects/laracrud/laracrud/vendor/illuminate/console/Command.php(134): Illuminate\\Container\\Container->call(Array)
#7 /Users/temitopeolotin/PhpstormProjects/laracrud/laracrud/vendor/symfony/console/Command/Command.php(258): Illuminate\\Console\\Command->execute(Object(Symfony\\Component\\Console\\Input\\ArgvInput), Object(Illuminate\\Console\\OutputStyle))
#8 /Users/temitopeolotin/PhpstormProjects/laracrud/laracrud/vendor/illuminate/console/Command.php(121): Symfony\\Component\\Console\\Command\\Command->run(Object(Symfony\\Component\\Console\\Input\\ArgvInput), Object(Illuminate\\Console\\OutputStyle))
#9 /Users/temitopeolotin/PhpstormProjects/laracrud/laracrud/vendor/symfony/console/Application.php(911): Illuminate\\Console\\Command->run(Object(Symfony\\Component\\Console\\Input\\ArgvInput), Object(Symfony\\Component\\Console\\Output\\ConsoleOutput))
#10 /Users/temitopeolotin/PhpstormProjects/laracrud/laracrud/vendor/symfony/console/Application.php(264): Symfony\\Component\\Console\\Application->doRunCommand(Object(Laztopaz\\Commands\\LaraCrudCommand), Object(Symfony\\Component\\Console\\Input\\ArgvInput), Object(Symfony\\Component\\Console\\Output\\ConsoleOutput))
#11 /Users/temitopeolotin/PhpstormProjects/laracrud/laracrud/vendor/symfony/console/Application.php(140): Symfony\\Component\\Console\\Application->doRun(Object(Symfony\\Component\\Console\\Input\\ArgvInput), Object(Symfony\\Component\\Console\\Output\\ConsoleOutput))
#12 /Users/temitopeolotin/PhpstormProjects/laracrud/laracrud/vendor/illuminate/console/Application.php(93): Symfony\\Component\\Console\\Application->run(Object(Symfony\\Component\\Console\\Input\\ArgvInput), Object(Symfony\\Component\\Console\\Output\\ConsoleOutput))
#13 /Users/temitopeolotin/PhpstormProjects/laracrud/laracrud/vendor/laravel-zero/foundation/src/Illuminate/Foundation/Console/Kernel.php(129): Illuminate\\Console\\Application->run(Object(Symfony\\Component\\Console\\Input\\ArgvInput), Object(Symfony\\Component\\Console\\Output\\ConsoleOutput))
#14 /Users/temitopeolotin/PhpstormProjects/laracrud/laracrud/vendor/laravel-zero/framework/src/Kernel.php(91): Illuminate\\Foundation\\Console\\Kernel->handle(Object(Symfony\\Component\\Console\\Input\\ArgvInput), Object(Symfony\\Component\\Console\\Output\\ConsoleOutput))
#15 /Users/temitopeolotin/PhpstormProjects/laracrud/laracrud/laracrud(37): LaravelZero\\Framework\\Kernel->handle(Object(Symfony\\Component\\Console\\Input\\ArgvInput), Object(Symfony\\Component\\Console\\Output\\ConsoleOutput))
#16 {main}
"} 
