[2020-08-25 15:27:22] development.ERROR: Too many arguments, expected arguments "command" "name". {"exception":"[object] (Symfony\\Component\\Console\\Exception\\RuntimeException(code: 0): Too many arguments, expected arguments \"command\" \"name\". at /Users/temitopeolotin/PhpstormProjects/laracrud/laracrud/vendor/symfony/console/Input/ArgvInput.php:171)
[stacktrace]
#0 /Users/temitopeolotin/PhpstormProjects/laracrud/laracrud/vendor/symfony/console/Input/ArgvInput.php(82): Symfony\\Component\\Console\\Input\\ArgvInput->parseArgument('table')
#1 /Users/temitopeolotin/PhpstormProjects/laracrud/laracrud/vendor/symfony/console/Input/Input.php(55): Symfony\\Component\\Console\\Input\\ArgvInput->parse()
#2 /Users/temitopeolotin/PhpstormProjects/laracrud/laracrud/vendor/symfony/console/Command/Command.php(217): Symfony\\Component\\Console\\Input\\Input->bind(Object(Symfony\\Component\\Console\\Input\\InputDefinition))
#3 /Users/temitopeolotin/PhpstormProjects/laracrud/laracrud/vendor/illuminate/console/Command.php(121): Symfony\\Component\\Console\\Command\\Command->run(Object(Symfony\\Component\\Console\\Input\\ArgvInput), Object(Illuminate\\Console\\OutputStyle))
#4 /Users/temitopeolotin/PhpstormProjects/laracrud/laracrud/vendor/symfony/console/Application.php(911): Illuminate\\Console\\Command->run(Object(Symfony\\Component\\Console\\Input\\ArgvInput), Object(Symfony\\Component\\Console\\Output\\ConsoleOutput))
#5 /Users/temitopeolotin/PhpstormProjects/laracrud/laracrud/vendor/symfony/console/Application.php(264): Symfony\\Component\\Console\\Application->doRunCommand(Object(Laztopaz\\Commands\\LaraCrudCommand), Object(Symfony\\Component\\Console\\Input\\ArgvInput), Object(Symfony\\Component\\Console\\Output\\ConsoleOutput))
#6 /Users/temitopeolotin/PhpstormProjects/laracrud/laracrud/vendor/symfony/console/Application.php(140): Symfony\\Component\\Console\\Application->doRun(Object(Symfony\\Component\\Console\\Input\\ArgvInput), Object(Symfony\\Component\\Console\\Output\\ConsoleOutput))
#7 /Users/temitopeolotin/PhpstormProjects/laracrud/laracrud/vendor/illuminate/console/Application.php(93): Symfony\\Component\\Console\\Application->run(Object(Symfony\\Component\\Console\\Input\\ArgvInput), Object(Symfony\\Component\\Console\\Output\\ConsoleOutput))
#8 /Users/temitopeolotin/PhpstormProjects/laracrud/laracrud/vendor/laravel-zero/foundation/src/Illuminate/Foundation/Console/Kernel.php(129): Illuminate\\Console\\Application->run(Object(Symfony\\Component\\Console\\Input\\ArgvInput), Object(Symfony\\Component\\Console\\Output\\ConsoleOutput))
#9 /Users/temitopeolotin/PhpstormProjects/laracrud/laracrud/vendor/laravel-zero/framework/src/Kernel.php(91): Illuminate\\Foundation\\Console\\Kernel->handle(Object(Symfony\\Component\\Console\\Input\\ArgvInput), Object(Symfony\\Component\\Console\\Output\\ConsoleOutput))
#10 /Users/temitopeolotin/PhpstormProjects/laracrud/laracrud/laracrud(37): LaravelZero\\Framework\\Kernel->handle(Object(Symfony\\Component\\Console\\Input\\ArgvInput), Object(Symfony\\Component\\Console\\Output\\ConsoleOutput))
#11 {main}
"} 
[2020-08-25 15:28:07] development.ERROR: Too many arguments, expected arguments "command" "name". {"exception":"[object] (Symfony\\Component\\Console\\Exception\\RuntimeException(code: 0): Too many arguments, expected arguments \"command\" \"name\". at /Users/temitopeolotin/PhpstormProjects/laracrud/laracrud/vendor/symfony/console/Input/ArgvInput.php:171)
[stacktrace]
#0 /Users/temitopeolotin/PhpstormProjects/laracrud/laracrud/vendor/symfony/console/Input/ArgvInput.php(82): Symfony\\Component\\Console\\Input\\ArgvInput->parseArgument('_hidden_nonprof...')
#1 /Users/temitopeolotin/PhpstormProjects/laracrud/laracrud/vendor/symfony/console/Input/Input.php(55): Symfony\\Component\\Console\\Input\\ArgvInput->parse()
#2 /Users/temitopeolotin/PhpstormProjects/laracrud/laracrud/vendor/symfony/console/Command/Command.php(217): Symfony\\Component\\Console\\Input\\Input->bind(Object(Symfony\\Component\\Console\\Input\\InputDefinition))
#3 /Users/temitopeolotin/PhpstormProjects/laracrud/laracrud/vendor/illuminate/console/Command.php(121): Symfony\\Component\\Console\\Command\\Command->run(Object(Symfony\\Component\\Console\\Input\\ArgvInput), Object(Illuminate\\Console\\OutputStyle))
#4 /Users/temitopeolotin/PhpstormProjects/laracrud/laracrud/vendor/symfony/console/Application.php(911): Illuminate\\Console\\Command->run(Object(Symfony\\Component\\Console\\Input\\ArgvInput), Object(Symfony\\Component\\Console\\Output\\ConsoleOutput))
#5 /Users/temitopeolotin/PhpstormProjects/laracrud/laracrud/vendor/symfony/console/Application.php(264): Symfony\\Component\\Console\\Application->doRunCommand(Object(Laztopaz\\Commands\\LaraCrudCommand), Object(Symfony\\Component\\Console\\Input\\ArgvInput), Object(Symfony\\Component\\Console\\Output\\ConsoleOutput))
#6 /Users/temitopeolotin/PhpstormProjects/laracrud/laracrud/vendor/symfony/console/Application.php(140): Symfony\\Component\\Console\\Application->doRun(Object(Symfony\\Component\\Console\\Input\\ArgvInput), Object(Symfony\\Component\\Console\\Output\\ConsoleOutput))
#7 /Users/temitopeolotin/PhpstormProjects/laracrud/laracrud/vendor/illuminate/console/Application.php(93): Symfony\\Component\\Console\\Application->run(Object(Symfony\\Component\\Console\\Input\\ArgvInput), Object(Symfony\\Component\\Console\\Output\\ConsoleOutput))
#8 /Users/temitopeolotin/PhpstormProjects/laracrud/laracrud/vendor/laravel-zero/foundation/src/Illuminate/Foundation/Console/Kernel.php(129): Illuminate\\Console\\Application->run(Object(Symfony\\Component\\Console\\Input\\ArgvInput), Object(Symfony\\Component\\Console\\Output\\ConsoleOutput))
#9 /Users/temitopeolotin/PhpstormProjects/laracrud/laracrud/vendor/laravel-zero/framework/src/Kernel.php(91): Illuminate\\Foundation\\Console\\Kernel->handle(Object(Symfony\\Component\\Console\\Input\\ArgvInput), Object(Symfony\\Component\\Console\\Output\\ConsoleOutput))
#10 /Users/temitopeolotin/PhpstormProjects/laracrud/laracrud/laracrud(37): LaravelZero\\Framework\\Kernel->handle(Object(Symfony\\Component\\Console\\Input\\ArgvInput), Object(Symfony\\Component\\Console\\Output\\ConsoleOutput))
#11 {main}
"} 
[2020-08-25 15:28:27] development.ERROR: Too many arguments, expected arguments "command" "name". {"exception":"[object] (Symfony\\Component\\Console\\Exception\\RuntimeException(code: 0): Too many arguments, expected arguments \"command\" \"name\". at /Users/temitopeolotin/PhpstormProjects/laracrud/laracrud/vendor/symfony/console/Input/ArgvInput.php:171)
[stacktrace]
#0 /Users/temitopeolotin/PhpstormProjects/laracrud/laracrud/vendor/symfony/console/Input/ArgvInput.php(82): Symfony\\Component\\Console\\Input\\ArgvInput->parseArgument('_hidden_nonprof...')
#1 /Users/temitopeolotin/PhpstormProjects/laracrud/laracrud/vendor/symfony/console/Input/Input.php(55): Symfony\\Component\\Console\\Input\\ArgvInput->parse()
#2 /Users/temitopeolotin/PhpstormProjects/laracrud/laracrud/vendor/symfony/console/Command/Command.php(217): Symfony\\Component\\Console\\Input\\Input->bind(Object(Symfony\\Component\\Console\\Input\\InputDefinition))
#3 /Users/temitopeolotin/PhpstormProjects/laracrud/laracrud/vendor/illuminate/console/Command.php(121): Symfony\\Component\\Console\\Command\\Command->run(Object(Symfony\\Component\\Console\\Input\\ArgvInput), Object(Illuminate\\Console\\OutputStyle))
#4 /Users/temitopeolotin/PhpstormProjects/laracrud/laracrud/vendor/symfony/console/Application.php(911): Illuminate\\Console\\Command->run(Object(Symfony\\Component\\Console\\Input\\ArgvInput), Object(Symfony\\Component\\Console\\Output\\ConsoleOutput))
#5 /Users/temitopeolotin/PhpstormProjects/laracrud/laracrud/vendor/symfony/console/Application.php(264): Symfony\\Component\\Console\\Application->doRunCommand(Object(Laztopaz\\Commands\\LaraCrudCommand), Object(Symfony\\Component\\Console\\Input\\ArgvInput), Object(Symfony\\Component\\Console\\Output\\ConsoleOutput))
#6 /Users/temitopeolotin/PhpstormProjects/laracrud/laracrud/vendor/symfony/console/Application.php(140): Symfony\\Component\\Console\\Application->doRun(Object(Symfony\\Component\\Console\\Input\\ArgvInput), Object(Symfony\\Component\\Console\\Output\\ConsoleOutput))
#7 /Users/temitopeolotin/PhpstormProjects/laracrud/laracrud/vendor/illuminate/console/Application.php(93): Symfony\\Component\\Console\\Application->run(Object(Symfony\\Component\\Console\\Input\\ArgvInput), Object(Symfony\\Component\\Console\\Output\\ConsoleOutput))
#8 /Users/temitopeolotin/PhpstormProjects/laracrud/laracrud/vendor/laravel-zero/foundation/src/Illuminate/Foundation/Console/Kernel.php(129): Illuminate\\Console\\Application->run(Object(Symfony\\Component\\Console\\Input\\ArgvInput), Object(Symfony\\Component\\Console\\Output\\ConsoleOutput))
#9 /Users/temitopeolotin/PhpstormProjects/laracrud/laracrud/vendor/laravel-zero/framework/src/Kernel.php(91): Illuminate\\Foundation\\Console\\Kernel->handle(Object(Symfony\\Component\\Console\\Input\\ArgvInput), Object(Symfony\\Component\\Console\\Output\\ConsoleOutput))
#10 /Users/temitopeolotin/PhpstormProjects/laracrud/laracrud/laracrud(37): LaravelZero\\Framework\\Kernel->handle(Object(Symfony\\Component\\Console\\Input\\ArgvInput), Object(Symfony\\Component\\Console\\Output\\ConsoleOutput))
#11 {main}
"} 
[2020-08-25 15:29:03] development.ERROR: Too many arguments, expected arguments "command" "name". {"exception":"[object] (Symfony\\Component\\Console\\Exception\\RuntimeException(code: 0): Too many arguments, expected arguments \"command\" \"name\". at /Users/temitopeolotin/PhpstormProjects/laracrud/laracrud/vendor/symfony/console/Input/ArgvInput.php:171)
[stacktrace]
#0 /Users/temitopeolotin/PhpstormProjects/laracrud/laracrud/vendor/symfony/console/Input/ArgvInput.php(82): Symfony\\Component\\Console\\Input\\ArgvInput->parseArgument('_hidden_nonprof...')
#1 /Users/temitopeolotin/PhpstormProjects/laracrud/laracrud/vendor/symfony/console/Input/Input.php(55): Symfony\\Component\\Console\\Input\\ArgvInput->parse()
#2 /Users/temitopeolotin/PhpstormProjects/laracrud/laracrud/vendor/symfony/console/Command/Command.php(217): Symfony\\Component\\Console\\Input\\Input->bind(Object(Symfony\\Component\\Console\\Input\\InputDefinition))
#3 /Users/temitopeolotin/PhpstormProjects/laracrud/laracrud/vendor/illuminate/console/Command.php(121): Symfony\\Component\\Console\\Command\\Command->run(Object(Symfony\\Component\\Console\\Input\\ArgvInput), Object(Illuminate\\Console\\OutputStyle))
#4 /Users/temitopeolotin/PhpstormProjects/laracrud/laracrud/vendor/symfony/console/Application.php(911): Illuminate\\Console\\Command->run(Object(Symfony\\Component\\Console\\Input\\ArgvInput), Object(Symfony\\Component\\Console\\Output\\ConsoleOutput))
#5 /Users/temitopeolotin/PhpstormProjects/laracrud/laracrud/vendor/symfony/console/Application.php(264): Symfony\\Component\\Console\\Application->doRunCommand(Object(Laztopaz\\Commands\\LaraCrudCommand), Object(Symfony\\Component\\Console\\Input\\ArgvInput), Object(Symfony\\Component\\Console\\Output\\ConsoleOutput))
#6 /Users/temitopeolotin/PhpstormProjects/laracrud/laracrud/vendor/symfony/console/Application.php(140): Symfony\\Component\\Console\\Application->doRun(Object(Symfony\\Component\\Console\\Input\\ArgvInput), Object(Symfony\\Component\\Console\\Output\\ConsoleOutput))
#7 /Users/temitopeolotin/PhpstormProjects/laracrud/laracrud/vendor/illuminate/console/Application.php(93): Symfony\\Component\\Console\\Application->run(Object(Symfony\\Component\\Console\\Input\\ArgvInput), Object(Symfony\\Component\\Console\\Output\\ConsoleOutput))
#8 /Users/temitopeolotin/PhpstormProjects/laracrud/laracrud/vendor/laravel-zero/foundation/src/Illuminate/Foundation/Console/Kernel.php(129): Illuminate\\Console\\Application->run(Object(Symfony\\Component\\Console\\Input\\ArgvInput), Object(Symfony\\Component\\Console\\Output\\ConsoleOutput))
#9 /Users/temitopeolotin/PhpstormProjects/laracrud/laracrud/vendor/laravel-zero/framework/src/Kernel.php(91): Illuminate\\Foundation\\Console\\Kernel->handle(Object(Symfony\\Component\\Console\\Input\\ArgvInput), Object(Symfony\\Component\\Console\\Output\\ConsoleOutput))
#10 /Users/temitopeolotin/PhpstormProjects/laracrud/laracrud/laracrud(37): LaravelZero\\Framework\\Kernel->handle(Object(Symfony\\Component\\Console\\Input\\ArgvInput), Object(Symfony\\Component\\Console\\Output\\ConsoleOutput))
#11 {main}
"} 
[2020-08-25 21:07:11] development.ERROR: Too many arguments, expected arguments "command" "name". {"exception":"[object] (Symfony\\Component\\Console\\Exception\\RuntimeException(code: 0): Too many arguments, expected arguments \"command\" \"name\". at /Users/temitopeolotin/PhpstormProjects/laracrud/laracrud/vendor/symfony/console/Input/ArgvInput.php:171)
[stacktrace]
#0 /Users/temitopeolotin/PhpstormProjects/laracrud/laracrud/vendor/symfony/console/Input/ArgvInput.php(82): Symfony\\Component\\Console\\Input\\ArgvInput->parseArgument('_hidden_nonprof...')
#1 /Users/temitopeolotin/PhpstormProjects/laracrud/laracrud/vendor/symfony/console/Input/Input.php(55): Symfony\\Component\\Console\\Input\\ArgvInput->parse()
#2 /Users/temitopeolotin/PhpstormProjects/laracrud/laracrud/vendor/symfony/console/Command/Command.php(217): Symfony\\Component\\Console\\Input\\Input->bind(Object(Symfony\\Component\\Console\\Input\\InputDefinition))
#3 /Users/temitopeolotin/PhpstormProjects/laracrud/laracrud/vendor/illuminate/console/Command.php(121): Symfony\\Component\\Console\\Command\\Command->run(Object(Symfony\\Component\\Console\\Input\\ArgvInput), Object(Illuminate\\Console\\OutputStyle))
#4 /Users/temitopeolotin/PhpstormProjects/laracrud/laracrud/vendor/symfony/console/Application.php(911): Illuminate\\Console\\Command->run(Object(Symfony\\Component\\Console\\Input\\ArgvInput), Object(Symfony\\Component\\Console\\Output\\ConsoleOutput))
#5 /Users/temitopeolotin/PhpstormProjects/laracrud/laracrud/vendor/symfony/console/Application.php(264): Symfony\\Component\\Console\\Application->doRunCommand(Object(Laztopaz\\Commands\\LaraCrudCommand), Object(Symfony\\Component\\Console\\Input\\ArgvInput), Object(Symfony\\Component\\Console\\Output\\ConsoleOutput))
#6 /Users/temitopeolotin/PhpstormProjects/laracrud/laracrud/vendor/symfony/console/Application.php(140): Symfony\\Component\\Console\\Application->doRun(Object(Symfony\\Component\\Console\\Input\\ArgvInput), Object(Symfony\\Component\\Console\\Output\\ConsoleOutput))
#7 /Users/temitopeolotin/PhpstormProjects/laracrud/laracrud/vendor/illuminate/console/Application.php(93): Symfony\\Component\\Console\\Application->run(Object(Symfony\\Component\\Console\\Input\\ArgvInput), Object(Symfony\\Component\\Console\\Output\\ConsoleOutput))
#8 /Users/temitopeolotin/PhpstormProjects/laracrud/laracrud/vendor/laravel-zero/foundation/src/Illuminate/Foundation/Console/Kernel.php(129): Illuminate\\Console\\Application->run(Object(Symfony\\Component\\Console\\Input\\ArgvInput), Object(Symfony\\Component\\Console\\Output\\ConsoleOutput))
#9 /Users/temitopeolotin/PhpstormProjects/laracrud/laracrud/vendor/laravel-zero/framework/src/Kernel.php(91): Illuminate\\Foundation\\Console\\Kernel->handle(Object(Symfony\\Component\\Console\\Input\\ArgvInput), Object(Symfony\\Component\\Console\\Output\\ConsoleOutput))
#10 /Users/temitopeolotin/PhpstormProjects/laracrud/laracrud/laracrud(37): LaravelZero\\Framework\\Kernel->handle(Object(Symfony\\Component\\Console\\Input\\ArgvInput), Object(Symfony\\Component\\Console\\Output\\ConsoleOutput))
#11 {main}
"} 
[2020-08-25 21:08:44] development.ERROR: Too many arguments, expected arguments "command" "name". {"exception":"[object] (Symfony\\Component\\Console\\Exception\\RuntimeException(code: 0): Too many arguments, expected arguments \"command\" \"name\". at /Users/temitopeolotin/PhpstormProjects/laracrud/laracrud/vendor/symfony/console/Input/ArgvInput.php:171)
[stacktrace]
#0 /Users/temitopeolotin/PhpstormProjects/laracrud/laracrud/vendor/symfony/console/Input/ArgvInput.php(82): Symfony\\Component\\Console\\Input\\ArgvInput->parseArgument('_hidden_nonprof...')
#1 /Users/temitopeolotin/PhpstormProjects/laracrud/laracrud/vendor/symfony/console/Input/Input.php(55): Symfony\\Component\\Console\\Input\\ArgvInput->parse()
#2 /Users/temitopeolotin/PhpstormProjects/laracrud/laracrud/vendor/symfony/console/Command/Command.php(217): Symfony\\Component\\Console\\Input\\Input->bind(Object(Symfony\\Component\\Console\\Input\\InputDefinition))
#3 /Users/temitopeolotin/PhpstormProjects/laracrud/laracrud/vendor/illuminate/console/Command.php(121): Symfony\\Component\\Console\\Command\\Command->run(Object(Symfony\\Component\\Console\\Input\\ArgvInput), Object(Illuminate\\Console\\OutputStyle))
#4 /Users/temitopeolotin/PhpstormProjects/laracrud/laracrud/vendor/symfony/console/Application.php(911): Illuminate\\Console\\Command->run(Object(Symfony\\Component\\Console\\Input\\ArgvInput), Object(Symfony\\Component\\Console\\Output\\ConsoleOutput))
#5 /Users/temitopeolotin/PhpstormProjects/laracrud/laracrud/vendor/symfony/console/Application.php(264): Symfony\\Component\\Console\\Application->doRunCommand(Object(Laztopaz\\Commands\\LaraCrudCommand), Object(Symfony\\Component\\Console\\Input\\ArgvInput), Object(Symfony\\Component\\Console\\Output\\ConsoleOutput))
#6 /Users/temitopeolotin/PhpstormProjects/laracrud/laracrud/vendor/symfony/console/Application.php(140): Symfony\\Component\\Console\\Application->doRun(Object(Symfony\\Component\\Console\\Input\\ArgvInput), Object(Symfony\\Component\\Console\\Output\\ConsoleOutput))
#7 /Users/temitopeolotin/PhpstormProjects/laracrud/laracrud/vendor/illuminate/console/Application.php(93): Symfony\\Component\\Console\\Application->run(Object(Symfony\\Component\\Console\\Input\\ArgvInput), Object(Symfony\\Component\\Console\\Output\\ConsoleOutput))
#8 /Users/temitopeolotin/PhpstormProjects/laracrud/laracrud/vendor/laravel-zero/foundation/src/Illuminate/Foundation/Console/Kernel.php(129): Illuminate\\Console\\Application->run(Object(Symfony\\Component\\Console\\Input\\ArgvInput), Object(Symfony\\Component\\Console\\Output\\ConsoleOutput))
#9 /Users/temitopeolotin/PhpstormProjects/laracrud/laracrud/vendor/laravel-zero/framework/src/Kernel.php(91): Illuminate\\Foundation\\Console\\Kernel->handle(Object(Symfony\\Component\\Console\\Input\\ArgvInput), Object(Symfony\\Component\\Console\\Output\\ConsoleOutput))
#10 /Users/temitopeolotin/PhpstormProjects/laracrud/laracrud/laracrud(37): LaravelZero\\Framework\\Kernel->handle(Object(Symfony\\Component\\Console\\Input\\ArgvInput), Object(Symfony\\Component\\Console\\Output\\ConsoleOutput))
#11 {main}
"} 
[2020-08-25 21:09:13] development.ERROR: Too many arguments, expected arguments "command" "name". {"exception":"[object] (Symfony\\Component\\Console\\Exception\\RuntimeException(code: 0): Too many arguments, expected arguments \"command\" \"name\". at /Users/temitopeolotin/PhpstormProjects/laracrud/laracrud/vendor/symfony/console/Input/ArgvInput.php:171)
[stacktrace]
#0 /Users/temitopeolotin/PhpstormProjects/laracrud/laracrud/vendor/symfony/console/Input/ArgvInput.php(82): Symfony\\Component\\Console\\Input\\ArgvInput->parseArgument('_hidden_nonprof...')
#1 /Users/temitopeolotin/PhpstormProjects/laracrud/laracrud/vendor/symfony/console/Input/Input.php(55): Symfony\\Component\\Console\\Input\\ArgvInput->parse()
#2 /Users/temitopeolotin/PhpstormProjects/laracrud/laracrud/vendor/symfony/console/Command/Command.php(217): Symfony\\Component\\Console\\Input\\Input->bind(Object(Symfony\\Component\\Console\\Input\\InputDefinition))
#3 /Users/temitopeolotin/PhpstormProjects/laracrud/laracrud/vendor/illuminate/console/Command.php(121): Symfony\\Component\\Console\\Command\\Command->run(Object(Symfony\\Component\\Console\\Input\\ArgvInput), Object(Illuminate\\Console\\OutputStyle))
#4 /Users/temitopeolotin/PhpstormProjects/laracrud/laracrud/vendor/symfony/console/Application.php(911): Illuminate\\Console\\Command->run(Object(Symfony\\Component\\Console\\Input\\ArgvInput), Object(Symfony\\Component\\Console\\Output\\ConsoleOutput))
#5 /Users/temitopeolotin/PhpstormProjects/laracrud/laracrud/vendor/symfony/console/Application.php(264): Symfony\\Component\\Console\\Application->doRunCommand(Object(Laztopaz\\Commands\\LaraCrudCommand), Object(Symfony\\Component\\Console\\Input\\ArgvInput), Object(Symfony\\Component\\Console\\Output\\ConsoleOutput))
#6 /Users/temitopeolotin/PhpstormProjects/laracrud/laracrud/vendor/symfony/console/Application.php(140): Symfony\\Component\\Console\\Application->doRun(Object(Symfony\\Component\\Console\\Input\\ArgvInput), Object(Symfony\\Component\\Console\\Output\\ConsoleOutput))
#7 /Users/temitopeolotin/PhpstormProjects/laracrud/laracrud/vendor/illuminate/console/Application.php(93): Symfony\\Component\\Console\\Application->run(Object(Symfony\\Component\\Console\\Input\\ArgvInput), Object(Symfony\\Component\\Console\\Output\\ConsoleOutput))
#8 /Users/temitopeolotin/PhpstormProjects/laracrud/laracrud/vendor/laravel-zero/foundation/src/Illuminate/Foundation/Console/Kernel.php(129): Illuminate\\Console\\Application->run(Object(Symfony\\Component\\Console\\Input\\ArgvInput), Object(Symfony\\Component\\Console\\Output\\ConsoleOutput))
#9 /Users/temitopeolotin/PhpstormProjects/laracrud/laracrud/vendor/laravel-zero/framework/src/Kernel.php(91): Illuminate\\Foundation\\Console\\Kernel->handle(Object(Symfony\\Component\\Console\\Input\\ArgvInput), Object(Symfony\\Component\\Console\\Output\\ConsoleOutput))
#10 /Users/temitopeolotin/PhpstormProjects/laracrud/laracrud/laracrud(37): LaravelZero\\Framework\\Kernel->handle(Object(Symfony\\Component\\Console\\Input\\ArgvInput), Object(Symfony\\Component\\Console\\Output\\ConsoleOutput))
#11 {main}
"} 
[2020-08-25 21:12:30] development.ERROR: Too many arguments, expected arguments "command" "name". {"exception":"[object] (Symfony\\Component\\Console\\Exception\\RuntimeException(code: 0): Too many arguments, expected arguments \"command\" \"name\". at /Users/temitopeolotin/PhpstormProjects/laracrud/laracrud/vendor/symfony/console/Input/ArgvInput.php:171)
[stacktrace]
#0 /Users/temitopeolotin/PhpstormProjects/laracrud/laracrud/vendor/symfony/console/Input/ArgvInput.php(82): Symfony\\Component\\Console\\Input\\ArgvInput->parseArgument('_hidden_nonprof...')
#1 /Users/temitopeolotin/PhpstormProjects/laracrud/laracrud/vendor/symfony/console/Input/Input.php(55): Symfony\\Component\\Console\\Input\\ArgvInput->parse()
#2 /Users/temitopeolotin/PhpstormProjects/laracrud/laracrud/vendor/symfony/console/Command/Command.php(217): Symfony\\Component\\Console\\Input\\Input->bind(Object(Symfony\\Component\\Console\\Input\\InputDefinition))
#3 /Users/temitopeolotin/PhpstormProjects/laracrud/laracrud/vendor/illuminate/console/Command.php(121): Symfony\\Component\\Console\\Command\\Command->run(Object(Symfony\\Component\\Console\\Input\\ArgvInput), Object(Illuminate\\Console\\OutputStyle))
#4 /Users/temitopeolotin/PhpstormProjects/laracrud/laracrud/vendor/symfony/console/Application.php(911): Illuminate\\Console\\Command->run(Object(Symfony\\Component\\Console\\Input\\ArgvInput), Object(Symfony\\Component\\Console\\Output\\ConsoleOutput))
#5 /Users/temitopeolotin/PhpstormProjects/laracrud/laracrud/vendor/symfony/console/Application.php(264): Symfony\\Component\\Console\\Application->doRunCommand(Object(Laztopaz\\Commands\\LaraCrudCommand), Object(Symfony\\Component\\Console\\Input\\ArgvInput), Object(Symfony\\Component\\Console\\Output\\ConsoleOutput))
#6 /Users/temitopeolotin/PhpstormProjects/laracrud/laracrud/vendor/symfony/console/Application.php(140): Symfony\\Component\\Console\\Application->doRun(Object(Symfony\\Component\\Console\\Input\\ArgvInput), Object(Symfony\\Component\\Console\\Output\\ConsoleOutput))
#7 /Users/temitopeolotin/PhpstormProjects/laracrud/laracrud/vendor/illuminate/console/Application.php(93): Symfony\\Component\\Console\\Application->run(Object(Symfony\\Component\\Console\\Input\\ArgvInput), Object(Symfony\\Component\\Console\\Output\\ConsoleOutput))
#8 /Users/temitopeolotin/PhpstormProjects/laracrud/laracrud/vendor/laravel-zero/foundation/src/Illuminate/Foundation/Console/Kernel.php(129): Illuminate\\Console\\Application->run(Object(Symfony\\Component\\Console\\Input\\ArgvInput), Object(Symfony\\Component\\Console\\Output\\ConsoleOutput))
#9 /Users/temitopeolotin/PhpstormProjects/laracrud/laracrud/vendor/laravel-zero/framework/src/Kernel.php(91): Illuminate\\Foundation\\Console\\Kernel->handle(Object(Symfony\\Component\\Console\\Input\\ArgvInput), Object(Symfony\\Component\\Console\\Output\\ConsoleOutput))
#10 /Users/temitopeolotin/PhpstormProjects/laracrud/laracrud/laracrud(37): LaravelZero\\Framework\\Kernel->handle(Object(Symfony\\Component\\Console\\Input\\ArgvInput), Object(Symfony\\Component\\Console\\Output\\ConsoleOutput))
#11 {main}
"} 
[2020-08-25 21:13:47] development.ERROR: Too many arguments, expected arguments "command" "name". {"exception":"[object] (Symfony\\Component\\Console\\Exception\\RuntimeException(code: 0): Too many arguments, expected arguments \"command\" \"name\". at /Users/temitopeolotin/PhpstormProjects/laracrud/laracrud/vendor/symfony/console/Input/ArgvInput.php:171)
[stacktrace]
#0 /Users/temitopeolotin/PhpstormProjects/laracrud/laracrud/vendor/symfony/console/Input/ArgvInput.php(82): Symfony\\Component\\Console\\Input\\ArgvInput->parseArgument('_hidden_nonprof...')
#1 /Users/temitopeolotin/PhpstormProjects/laracrud/laracrud/vendor/symfony/console/Input/Input.php(55): Symfony\\Component\\Console\\Input\\ArgvInput->parse()
#2 /Users/temitopeolotin/PhpstormProjects/laracrud/laracrud/vendor/symfony/console/Command/Command.php(217): Symfony\\Component\\Console\\Input\\Input->bind(Object(Symfony\\Component\\Console\\Input\\InputDefinition))
#3 /Users/temitopeolotin/PhpstormProjects/laracrud/laracrud/vendor/illuminate/console/Command.php(121): Symfony\\Component\\Console\\Command\\Command->run(Object(Symfony\\Component\\Console\\Input\\ArgvInput), Object(Illuminate\\Console\\OutputStyle))
#4 /Users/temitopeolotin/PhpstormProjects/laracrud/laracrud/vendor/symfony/console/Application.php(911): Illuminate\\Console\\Command->run(Object(Symfony\\Component\\Console\\Input\\ArgvInput), Object(Symfony\\Component\\Console\\Output\\ConsoleOutput))
#5 /Users/temitopeolotin/PhpstormProjects/laracrud/laracrud/vendor/symfony/console/Application.php(264): Symfony\\Component\\Console\\Application->doRunCommand(Object(Laztopaz\\Commands\\LaraCrudCommand), Object(Symfony\\Component\\Console\\Input\\ArgvInput), Object(Symfony\\Component\\Console\\Output\\ConsoleOutput))
#6 /Users/temitopeolotin/PhpstormProjects/laracrud/laracrud/vendor/symfony/console/Application.php(140): Symfony\\Component\\Console\\Application->doRun(Object(Symfony\\Component\\Console\\Input\\ArgvInput), Object(Symfony\\Component\\Console\\Output\\ConsoleOutput))
#7 /Users/temitopeolotin/PhpstormProjects/laracrud/laracrud/vendor/illuminate/console/Application.php(93): Symfony\\Component\\Console\\Application->run(Object(Symfony\\Component\\Console\\Input\\ArgvInput), Object(Symfony\\Component\\Console\\Output\\ConsoleOutput))
#8 /Users/temitopeolotin/PhpstormProjects/laracrud/laracrud/vendor/laravel-zero/foundation/src/Illuminate/Foundation/Console/Kernel.php(129): Illuminate\\Console\\Application->run(Object(Symfony\\Component\\Console\\Input\\ArgvInput), Object(Symfony\\Component\\Console\\Output\\ConsoleOutput))
#9 /Users/temitopeolotin/PhpstormProjects/laracrud/laracrud/vendor/laravel-zero/framework/src/Kernel.php(91): Illuminate\\Foundation\\Console\\Kernel->handle(Object(Symfony\\Component\\Console\\Input\\ArgvInput), Object(Symfony\\Component\\Console\\Output\\ConsoleOutput))
#10 /Users/temitopeolotin/PhpstormProjects/laracrud/laracrud/laracrud(37): LaravelZero\\Framework\\Kernel->handle(Object(Symfony\\Component\\Console\\Input\\ArgvInput), Object(Symfony\\Component\\Console\\Output\\ConsoleOutput))
#11 {main}
"} 
[2020-08-25 21:14:41] development.ERROR: Too many arguments, expected arguments "command" "name". {"exception":"[object] (Symfony\\Component\\Console\\Exception\\RuntimeException(code: 0): Too many arguments, expected arguments \"command\" \"name\". at /Users/temitopeolotin/PhpstormProjects/laracrud/laracrud/vendor/symfony/console/Input/ArgvInput.php:171)
[stacktrace]
#0 /Users/temitopeolotin/PhpstormProjects/laracrud/laracrud/vendor/symfony/console/Input/ArgvInput.php(82): Symfony\\Component\\Console\\Input\\ArgvInput->parseArgument('_hidden_nonprof...')
#1 /Users/temitopeolotin/PhpstormProjects/laracrud/laracrud/vendor/symfony/console/Input/Input.php(55): Symfony\\Component\\Console\\Input\\ArgvInput->parse()
#2 /Users/temitopeolotin/PhpstormProjects/laracrud/laracrud/vendor/symfony/console/Command/Command.php(217): Symfony\\Component\\Console\\Input\\Input->bind(Object(Symfony\\Component\\Console\\Input\\InputDefinition))
#3 /Users/temitopeolotin/PhpstormProjects/laracrud/laracrud/vendor/illuminate/console/Command.php(121): Symfony\\Component\\Console\\Command\\Command->run(Object(Symfony\\Component\\Console\\Input\\ArgvInput), Object(Illuminate\\Console\\OutputStyle))
#4 /Users/temitopeolotin/PhpstormProjects/laracrud/laracrud/vendor/symfony/console/Application.php(911): Illuminate\\Console\\Command->run(Object(Symfony\\Component\\Console\\Input\\ArgvInput), Object(Symfony\\Component\\Console\\Output\\ConsoleOutput))
#5 /Users/temitopeolotin/PhpstormProjects/laracrud/laracrud/vendor/symfony/console/Application.php(264): Symfony\\Component\\Console\\Application->doRunCommand(Object(Laztopaz\\Commands\\LaraCrudCommand), Object(Symfony\\Component\\Console\\Input\\ArgvInput), Object(Symfony\\Component\\Console\\Output\\ConsoleOutput))
#6 /Users/temitopeolotin/PhpstormProjects/laracrud/laracrud/vendor/symfony/console/Application.php(140): Symfony\\Component\\Console\\Application->doRun(Object(Symfony\\Component\\Console\\Input\\ArgvInput), Object(Symfony\\Component\\Console\\Output\\ConsoleOutput))
#7 /Users/temitopeolotin/PhpstormProjects/laracrud/laracrud/vendor/illuminate/console/Application.php(93): Symfony\\Component\\Console\\Application->run(Object(Symfony\\Component\\Console\\Input\\ArgvInput), Object(Symfony\\Component\\Console\\Output\\ConsoleOutput))
#8 /Users/temitopeolotin/PhpstormProjects/laracrud/laracrud/vendor/laravel-zero/foundation/src/Illuminate/Foundation/Console/Kernel.php(129): Illuminate\\Console\\Application->run(Object(Symfony\\Component\\Console\\Input\\ArgvInput), Object(Symfony\\Component\\Console\\Output\\ConsoleOutput))
#9 /Users/temitopeolotin/PhpstormProjects/laracrud/laracrud/vendor/laravel-zero/framework/src/Kernel.php(91): Illuminate\\Foundation\\Console\\Kernel->handle(Object(Symfony\\Component\\Console\\Input\\ArgvInput), Object(Symfony\\Component\\Console\\Output\\ConsoleOutput))
#10 /Users/temitopeolotin/PhpstormProjects/laracrud/laracrud/laracrud(37): LaravelZero\\Framework\\Kernel->handle(Object(Symfony\\Component\\Console\\Input\\ArgvInput), Object(Symfony\\Component\\Console\\Output\\ConsoleOutput))
#11 {main}
"} 
[2020-08-25 21:18:25] development.ERROR: Too many arguments, expected arguments "command" "name". {"exception":"[object] (Symfony\\Component\\Console\\Exception\\RuntimeException(code: 0): Too many arguments, expected arguments \"command\" \"name\". at /Users/temitopeolotin/PhpstormProjects/laracrud/laracrud/vendor/symfony/console/Input/ArgvInput.php:171)
[stacktrace]
#0 /Users/temitopeolotin/PhpstormProjects/laracrud/laracrud/vendor/symfony/console/Input/ArgvInput.php(82): Symfony\\Component\\Console\\Input\\ArgvInput->parseArgument('_hidden_nonprof...')
#1 /Users/temitopeolotin/PhpstormProjects/laracrud/laracrud/vendor/symfony/console/Input/Input.php(55): Symfony\\Component\\Console\\Input\\ArgvInput->parse()
#2 /Users/temitopeolotin/PhpstormProjects/laracrud/laracrud/vendor/symfony/console/Command/Command.php(217): Symfony\\Component\\Console\\Input\\Input->bind(Object(Symfony\\Component\\Console\\Input\\InputDefinition))
#3 /Users/temitopeolotin/PhpstormProjects/laracrud/laracrud/vendor/illuminate/console/Command.php(121): Symfony\\Component\\Console\\Command\\Command->run(Object(Symfony\\Component\\Console\\Input\\ArgvInput), Object(Illuminate\\Console\\OutputStyle))
#4 /Users/temitopeolotin/PhpstormProjects/laracrud/laracrud/vendor/symfony/console/Application.php(911): Illuminate\\Console\\Command->run(Object(Symfony\\Component\\Console\\Input\\ArgvInput), Object(Symfony\\Component\\Console\\Output\\ConsoleOutput))
#5 /Users/temitopeolotin/PhpstormProjects/laracrud/laracrud/vendor/symfony/console/Application.php(264): Symfony\\Component\\Console\\Application->doRunCommand(Object(Laztopaz\\Commands\\LaraCrudCommand), Object(Symfony\\Component\\Console\\Input\\ArgvInput), Object(Symfony\\Component\\Console\\Output\\ConsoleOutput))
#6 /Users/temitopeolotin/PhpstormProjects/laracrud/laracrud/vendor/symfony/console/Application.php(140): Symfony\\Component\\Console\\Application->doRun(Object(Symfony\\Component\\Console\\Input\\ArgvInput), Object(Symfony\\Component\\Console\\Output\\ConsoleOutput))
#7 /Users/temitopeolotin/PhpstormProjects/laracrud/laracrud/vendor/illuminate/console/Application.php(93): Symfony\\Component\\Console\\Application->run(Object(Symfony\\Component\\Console\\Input\\ArgvInput), Object(Symfony\\Component\\Console\\Output\\ConsoleOutput))
#8 /Users/temitopeolotin/PhpstormProjects/laracrud/laracrud/vendor/laravel-zero/foundation/src/Illuminate/Foundation/Console/Kernel.php(129): Illuminate\\Console\\Application->run(Object(Symfony\\Component\\Console\\Input\\ArgvInput), Object(Symfony\\Component\\Console\\Output\\ConsoleOutput))
#9 /Users/temitopeolotin/PhpstormProjects/laracrud/laracrud/vendor/laravel-zero/framework/src/Kernel.php(91): Illuminate\\Foundation\\Console\\Kernel->handle(Object(Symfony\\Component\\Console\\Input\\ArgvInput), Object(Symfony\\Component\\Console\\Output\\ConsoleOutput))
#10 /Users/temitopeolotin/PhpstormProjects/laracrud/laracrud/laracrud(37): LaravelZero\\Framework\\Kernel->handle(Object(Symfony\\Component\\Console\\Input\\ArgvInput), Object(Symfony\\Component\\Console\\Output\\ConsoleOutput))
#11 {main}
"} 
[2020-08-25 21:19:18] development.ERROR: Too many arguments, expected arguments "command" "name". {"exception":"[object] (Symfony\\Component\\Console\\Exception\\RuntimeException(code: 0): Too many arguments, expected arguments \"command\" \"name\". at /Users/temitopeolotin/PhpstormProjects/laracrud/laracrud/vendor/symfony/console/Input/ArgvInput.php:171)
[stacktrace]
#0 /Users/temitopeolotin/PhpstormProjects/laracrud/laracrud/vendor/symfony/console/Input/ArgvInput.php(82): Symfony\\Component\\Console\\Input\\ArgvInput->parseArgument('_hidden_nonprof...')
#1 /Users/temitopeolotin/PhpstormProjects/laracrud/laracrud/vendor/symfony/console/Input/Input.php(55): Symfony\\Component\\Console\\Input\\ArgvInput->parse()
#2 /Users/temitopeolotin/PhpstormProjects/laracrud/laracrud/vendor/symfony/console/Command/Command.php(217): Symfony\\Component\\Console\\Input\\Input->bind(Object(Symfony\\Component\\Console\\Input\\InputDefinition))
#3 /Users/temitopeolotin/PhpstormProjects/laracrud/laracrud/vendor/illuminate/console/Command.php(121): Symfony\\Component\\Console\\Command\\Command->run(Object(Symfony\\Component\\Console\\Input\\ArgvInput), Object(Illuminate\\Console\\OutputStyle))
#4 /Users/temitopeolotin/PhpstormProjects/laracrud/laracrud/vendor/symfony/console/Application.php(911): Illuminate\\Console\\Command->run(Object(Symfony\\Component\\Console\\Input\\ArgvInput), Object(Symfony\\Component\\Console\\Output\\ConsoleOutput))
#5 /Users/temitopeolotin/PhpstormProjects/laracrud/laracrud/vendor/symfony/console/Application.php(264): Symfony\\Component\\Console\\Application->doRunCommand(Object(Laztopaz\\Commands\\LaraCrudCommand), Object(Symfony\\Component\\Console\\Input\\ArgvInput), Object(Symfony\\Component\\Console\\Output\\ConsoleOutput))
#6 /Users/temitopeolotin/PhpstormProjects/laracrud/laracrud/vendor/symfony/console/Application.php(140): Symfony\\Component\\Console\\Application->doRun(Object(Symfony\\Component\\Console\\Input\\ArgvInput), Object(Symfony\\Component\\Console\\Output\\ConsoleOutput))
#7 /Users/temitopeolotin/PhpstormProjects/laracrud/laracrud/vendor/illuminate/console/Application.php(93): Symfony\\Component\\Console\\Application->run(Object(Symfony\\Component\\Console\\Input\\ArgvInput), Object(Symfony\\Component\\Console\\Output\\ConsoleOutput))
#8 /Users/temitopeolotin/PhpstormProjects/laracrud/laracrud/vendor/laravel-zero/foundation/src/Illuminate/Foundation/Console/Kernel.php(129): Illuminate\\Console\\Application->run(Object(Symfony\\Component\\Console\\Input\\ArgvInput), Object(Symfony\\Component\\Console\\Output\\ConsoleOutput))
#9 /Users/temitopeolotin/PhpstormProjects/laracrud/laracrud/vendor/laravel-zero/framework/src/Kernel.php(91): Illuminate\\Foundation\\Console\\Kernel->handle(Object(Symfony\\Component\\Console\\Input\\ArgvInput), Object(Symfony\\Component\\Console\\Output\\ConsoleOutput))
#10 /Users/temitopeolotin/PhpstormProjects/laracrud/laracrud/laracrud(37): LaravelZero\\Framework\\Kernel->handle(Object(Symfony\\Component\\Console\\Input\\ArgvInput), Object(Symfony\\Component\\Console\\Output\\ConsoleOutput))
#11 {main}
"} 
[2020-08-25 21:27:06] development.ERROR: Too many arguments, expected arguments "command" "name". {"exception":"[object] (Symfony\\Component\\Console\\Exception\\RuntimeException(code: 0): Too many arguments, expected arguments \"command\" \"name\". at /Users/temitopeolotin/PhpstormProjects/laracrud/laracrud/vendor/symfony/console/Input/ArgvInput.php:171)
[stacktrace]
#0 /Users/temitopeolotin/PhpstormProjects/laracrud/laracrud/vendor/symfony/console/Input/ArgvInput.php(82): Symfony\\Component\\Console\\Input\\ArgvInput->parseArgument('sss')
#1 /Users/temitopeolotin/PhpstormProjects/laracrud/laracrud/vendor/symfony/console/Input/Input.php(55): Symfony\\Component\\Console\\Input\\ArgvInput->parse()
#2 /Users/temitopeolotin/PhpstormProjects/laracrud/laracrud/vendor/symfony/console/Command/Command.php(217): Symfony\\Component\\Console\\Input\\Input->bind(Object(Symfony\\Component\\Console\\Input\\InputDefinition))
#3 /Users/temitopeolotin/PhpstormProjects/laracrud/laracrud/vendor/illuminate/console/Command.php(121): Symfony\\Component\\Console\\Command\\Command->run(Object(Symfony\\Component\\Console\\Input\\ArgvInput), Object(Illuminate\\Console\\OutputStyle))
#4 /Users/temitopeolotin/PhpstormProjects/laracrud/laracrud/vendor/symfony/console/Application.php(911): Illuminate\\Console\\Command->run(Object(Symfony\\Component\\Console\\Input\\ArgvInput), Object(Symfony\\Component\\Console\\Output\\ConsoleOutput))
#5 /Users/temitopeolotin/PhpstormProjects/laracrud/laracrud/vendor/symfony/console/Application.php(264): Symfony\\Component\\Console\\Application->doRunCommand(Object(Laztopaz\\Commands\\LaraCrudCommand), Object(Symfony\\Component\\Console\\Input\\ArgvInput), Object(Symfony\\Component\\Console\\Output\\ConsoleOutput))
#6 /Users/temitopeolotin/PhpstormProjects/laracrud/laracrud/vendor/symfony/console/Application.php(140): Symfony\\Component\\Console\\Application->doRun(Object(Symfony\\Component\\Console\\Input\\ArgvInput), Object(Symfony\\Component\\Console\\Output\\ConsoleOutput))
#7 /Users/temitopeolotin/PhpstormProjects/laracrud/laracrud/vendor/illuminate/console/Application.php(93): Symfony\\Component\\Console\\Application->run(Object(Symfony\\Component\\Console\\Input\\ArgvInput), Object(Symfony\\Component\\Console\\Output\\ConsoleOutput))
#8 /Users/temitopeolotin/PhpstormProjects/laracrud/laracrud/vendor/laravel-zero/foundation/src/Illuminate/Foundation/Console/Kernel.php(129): Illuminate\\Console\\Application->run(Object(Symfony\\Component\\Console\\Input\\ArgvInput), Object(Symfony\\Component\\Console\\Output\\ConsoleOutput))
#9 /Users/temitopeolotin/PhpstormProjects/laracrud/laracrud/vendor/laravel-zero/framework/src/Kernel.php(91): Illuminate\\Foundation\\Console\\Kernel->handle(Object(Symfony\\Component\\Console\\Input\\ArgvInput), Object(Symfony\\Component\\Console\\Output\\ConsoleOutput))
#10 /Users/temitopeolotin/PhpstormProjects/laracrud/laracrud/laracrud(37): LaravelZero\\Framework\\Kernel->handle(Object(Symfony\\Component\\Console\\Input\\ArgvInput), Object(Symfony\\Component\\Console\\Output\\ConsoleOutput))
#11 {main}
"} 
