[2020-08-27 05:15:42] development.ERROR: Type of Laztopaz\Commands\LaraCrudCommand::$description must be string (as in class Illuminate\Console\Command) {"exception":"[object] (Symfony\\Component\\ErrorHandler\\Error\\FatalError(code: 0): Type of Laztopaz\\Commands\\LaraCrudCommand::$description must be string (as in class Illuminate\\Console\\Command) at /Users/temitopeolotin/PhpstormProjects/laracrud/laracrud/app/Commands/LaraCrudCommand.php:17)
[stacktrace]
#0 {main}
"} 
[2020-08-27 05:23:34] development.ERROR: Too few arguments to function Laztopaz\Services\ModelFileWriterService::__construct(), 0 passed in /Users/temitopeolotin/PhpstormProjects/laracrud/laracrud/app/Commands/LaraCrudCommand.php on line 43 and exactly 1 expected {"exception":"[object] (ArgumentCountError(code: 0): Too few arguments to function Laztopaz\\Services\\ModelFileWriterService::__construct(), 0 passed in /Users/temitopeolotin/PhpstormProjects/laracrud/laracrud/app/Commands/LaraCrudCommand.php on line 43 and exactly 1 expected at /Users/temitopeolotin/PhpstormProjects/laracrud/laracrud/app/Services/ModelFileWriterService.php:10)
[stacktrace]
#0 /Users/temitopeolotin/PhpstormProjects/laracrud/laracrud/app/Commands/LaraCrudCommand.php(43): Laztopaz\\Services\\ModelFileWriterService->__construct()
#1 [internal function]: Laztopaz\\Commands\\LaraCrudCommand->__construct()
#2 /Users/temitopeolotin/PhpstormProjects/laracrud/laracrud/vendor/illuminate/container/Container.php(849): ReflectionClass->newInstanceArgs(Array)
#3 /Users/temitopeolotin/PhpstormProjects/laracrud/laracrud/vendor/illuminate/container/Container.php(691): Illuminate\\Container\\Container->build('Laztopaz\\\\Comman...')
#4 /Users/temitopeolotin/PhpstormProjects/laracrud/laracrud/vendor/laravel-zero/foundation/src/Illuminate/Foundation/Application.php(795): Illuminate\\Container\\Container->resolve('Laztopaz\\\\Comman...', Array, true)
#5 /Users/temitopeolotin/PhpstormProjects/laracrud/laracrud/vendor/illuminate/container/Container.php(637): Illuminate\\Foundation\\Application->resolve('Laztopaz\\\\Comman...', Array)
#6 /Users/temitopeolotin/PhpstormProjects/laracrud/laracrud/vendor/laravel-zero/foundation/src/Illuminate/Foundation/Application.php(780): Illuminate\\Container\\Container->make('Laztopaz\\\\Comman...', Array)
#7 /Users/temitopeolotin/PhpstormProjects/laracrud/laracrud/vendor/illuminate/console/Application.php(261): Illuminate\\Foundation\\Application->make('Laztopaz\\\\Comman...')
#8 /Users/temitopeolotin/PhpstormProjects/laracrud/laracrud/vendor/laravel-zero/foundation/src/Illuminate/Foundation/Console/Kernel.php(232): Illuminate\\Console\\Application->resolve('Laztopaz\\\\Comman...')
#9 /Users/temitopeolotin/PhpstormProjects/laracrud/laracrud/vendor/illuminate/console/Application.php(152): Illuminate\\Foundation\\Console\\Kernel->Illuminate\\Foundation\\Console\\{closure}(Object(Illuminate\\Console\\Application))
#10 /Users/temitopeolotin/PhpstormProjects/laracrud/laracrud/vendor/illuminate/console/Application.php(75): Illuminate\\Console\\Application->bootstrap()
#11 /Users/temitopeolotin/PhpstormProjects/laracrud/laracrud/vendor/laravel-zero/foundation/src/Illuminate/Foundation/Console/Kernel.php(330): Illuminate\\Console\\Application->__construct(Object(LaravelZero\\Framework\\Application), Object(Illuminate\\Events\\Dispatcher), 'unreleased')
#12 /Users/temitopeolotin/PhpstormProjects/laracrud/laracrud/vendor/laravel-zero/framework/src/Kernel.php(133): Illuminate\\Foundation\\Console\\Kernel->getArtisan()
#13 /Users/temitopeolotin/PhpstormProjects/laracrud/laracrud/vendor/laravel-zero/framework/src/Kernel.php(102): LaravelZero\\Framework\\Kernel->bootstrap()
#14 /Users/temitopeolotin/PhpstormProjects/laracrud/laracrud/vendor/laravel-zero/framework/src/Kernel.php(89): LaravelZero\\Framework\\Kernel->ensureDefaultCommand(Object(Symfony\\Component\\Console\\Input\\ArgvInput))
#15 /Users/temitopeolotin/PhpstormProjects/laracrud/laracrud/laracrud(37): LaravelZero\\Framework\\Kernel->handle(Object(Symfony\\Component\\Console\\Input\\ArgvInput), Object(Symfony\\Component\\Console\\Output\\ConsoleOutput))
#16 {main}
"} 
[2020-08-27 05:26:46] development.ERROR: Too few arguments to function Laztopaz\Services\ModelFileWriterService::__construct(), 0 passed in /Users/temitopeolotin/PhpstormProjects/laracrud/laracrud/app/Commands/LaraCrudCommand.php on line 43 and exactly 1 expected {"exception":"[object] (ArgumentCountError(code: 0): Too few arguments to function Laztopaz\\Services\\ModelFileWriterService::__construct(), 0 passed in /Users/temitopeolotin/PhpstormProjects/laracrud/laracrud/app/Commands/LaraCrudCommand.php on line 43 and exactly 1 expected at /Users/temitopeolotin/PhpstormProjects/laracrud/laracrud/app/Services/ModelFileWriterService.php:10)
[stacktrace]
#0 /Users/temitopeolotin/PhpstormProjects/laracrud/laracrud/app/Commands/LaraCrudCommand.php(43): Laztopaz\\Services\\ModelFileWriterService->__construct()
#1 [internal function]: Laztopaz\\Commands\\LaraCrudCommand->__construct()
#2 /Users/temitopeolotin/PhpstormProjects/laracrud/laracrud/vendor/illuminate/container/Container.php(849): ReflectionClass->newInstanceArgs(Array)
#3 /Users/temitopeolotin/PhpstormProjects/laracrud/laracrud/vendor/illuminate/container/Container.php(691): Illuminate\\Container\\Container->build('Laztopaz\\\\Comman...')
#4 /Users/temitopeolotin/PhpstormProjects/laracrud/laracrud/vendor/laravel-zero/foundation/src/Illuminate/Foundation/Application.php(795): Illuminate\\Container\\Container->resolve('Laztopaz\\\\Comman...', Array, true)
#5 /Users/temitopeolotin/PhpstormProjects/laracrud/laracrud/vendor/illuminate/container/Container.php(637): Illuminate\\Foundation\\Application->resolve('Laztopaz\\\\Comman...', Array)
#6 /Users/temitopeolotin/PhpstormProjects/laracrud/laracrud/vendor/laravel-zero/foundation/src/Illuminate/Foundation/Application.php(780): Illuminate\\Container\\Container->make('Laztopaz\\\\Comman...', Array)
#7 /Users/temitopeolotin/PhpstormProjects/laracrud/laracrud/vendor/illuminate/console/Application.php(261): Illuminate\\Foundation\\Application->make('Laztopaz\\\\Comman...')
#8 /Users/temitopeolotin/PhpstormProjects/laracrud/laracrud/vendor/laravel-zero/foundation/src/Illuminate/Foundation/Console/Kernel.php(232): Illuminate\\Console\\Application->resolve('Laztopaz\\\\Comman...')
#9 /Users/temitopeolotin/PhpstormProjects/laracrud/laracrud/vendor/illuminate/console/Application.php(152): Illuminate\\Foundation\\Console\\Kernel->Illuminate\\Foundation\\Console\\{closure}(Object(Illuminate\\Console\\Application))
#10 /Users/temitopeolotin/PhpstormProjects/laracrud/laracrud/vendor/illuminate/console/Application.php(75): Illuminate\\Console\\Application->bootstrap()
#11 /Users/temitopeolotin/PhpstormProjects/laracrud/laracrud/vendor/laravel-zero/foundation/src/Illuminate/Foundation/Console/Kernel.php(330): Illuminate\\Console\\Application->__construct(Object(LaravelZero\\Framework\\Application), Object(Illuminate\\Events\\Dispatcher), 'unreleased')
#12 /Users/temitopeolotin/PhpstormProjects/laracrud/laracrud/vendor/laravel-zero/framework/src/Kernel.php(133): Illuminate\\Foundation\\Console\\Kernel->getArtisan()
#13 /Users/temitopeolotin/PhpstormProjects/laracrud/laracrud/vendor/laravel-zero/framework/src/Kernel.php(102): LaravelZero\\Framework\\Kernel->bootstrap()
#14 /Users/temitopeolotin/PhpstormProjects/laracrud/laracrud/vendor/laravel-zero/framework/src/Kernel.php(89): LaravelZero\\Framework\\Kernel->ensureDefaultCommand(Object(Symfony\\Component\\Console\\Input\\ArgvInput))
#15 /Users/temitopeolotin/PhpstormProjects/laracrud/laracrud/laracrud(37): LaravelZero\\Framework\\Kernel->handle(Object(Symfony\\Component\\Console\\Input\\ArgvInput), Object(Symfony\\Component\\Console\\Output\\ConsoleOutput))
#16 {main}
"} 
[2020-08-27 06:03:03] development.ERROR: Too few arguments to function Laztopaz\Builders\MigrationServiceBuilder::__construct(), 0 passed in /Users/temitopeolotin/PhpstormProjects/laracrud/laracrud/app/Services/MigrationFileWriterService.php on line 13 and exactly 1 expected {"exception":"[object] (ArgumentCountError(code: 0): Too few arguments to function Laztopaz\\Builders\\MigrationServiceBuilder::__construct(), 0 passed in /Users/temitopeolotin/PhpstormProjects/laracrud/laracrud/app/Services/MigrationFileWriterService.php on line 13 and exactly 1 expected at /Users/temitopeolotin/PhpstormProjects/laracrud/laracrud/app/Builders/MigrationServiceBuilder.php:38)
[stacktrace]
#0 /Users/temitopeolotin/PhpstormProjects/laracrud/laracrud/app/Services/MigrationFileWriterService.php(13): Laztopaz\\Builders\\MigrationServiceBuilder->__construct()
#1 [internal function]: Laztopaz\\Services\\MigrationFileWriterService->__construct()
#2 /Users/temitopeolotin/PhpstormProjects/laracrud/laracrud/vendor/illuminate/container/Container.php(849): ReflectionClass->newInstanceArgs(Array)
#3 /Users/temitopeolotin/PhpstormProjects/laracrud/laracrud/vendor/illuminate/container/Container.php(691): Illuminate\\Container\\Container->build('Laztopaz\\\\Servic...')
#4 /Users/temitopeolotin/PhpstormProjects/laracrud/laracrud/vendor/laravel-zero/foundation/src/Illuminate/Foundation/Application.php(795): Illuminate\\Container\\Container->resolve('Laztopaz\\\\Servic...', Array, true)
#5 /Users/temitopeolotin/PhpstormProjects/laracrud/laracrud/vendor/illuminate/container/Container.php(637): Illuminate\\Foundation\\Application->resolve('Laztopaz\\\\Servic...', Array)
#6 /Users/temitopeolotin/PhpstormProjects/laracrud/laracrud/vendor/laravel-zero/foundation/src/Illuminate/Foundation/Application.php(780): Illuminate\\Container\\Container->make('Laztopaz\\\\Servic...', Array)
#7 /Users/temitopeolotin/PhpstormProjects/laracrud/laracrud/vendor/illuminate/container/BoundMethod.php(175): Illuminate\\Foundation\\Application->make('Laztopaz\\\\Servic...')
#8 /Users/temitopeolotin/PhpstormProjects/laracrud/laracrud/vendor/illuminate/container/BoundMethod.php(126): Illuminate\\Container\\BoundMethod::addDependencyForCallParameter(Object(LaravelZero\\Framework\\Application), Object(ReflectionParameter), Array, Array)
#9 /Users/temitopeolotin/PhpstormProjects/laracrud/laracrud/vendor/illuminate/container/BoundMethod.php(37): Illuminate\\Container\\BoundMethod::getMethodDependencies(Object(LaravelZero\\Framework\\Application), Array, Array)
#10 /Users/temitopeolotin/PhpstormProjects/laracrud/laracrud/vendor/illuminate/container/Util.php(37): Illuminate\\Container\\BoundMethod::Illuminate\\Container\\{closure}()
#11 /Users/temitopeolotin/PhpstormProjects/laracrud/laracrud/vendor/illuminate/container/BoundMethod.php(95): Illuminate\\Container\\Util::unwrapIfClosure(Object(Closure))
#12 /Users/temitopeolotin/PhpstormProjects/laracrud/laracrud/vendor/illuminate/container/BoundMethod.php(39): Illuminate\\Container\\BoundMethod::callBoundMethod(Object(LaravelZero\\Framework\\Application), Array, Object(Closure))
#13 /Users/temitopeolotin/PhpstormProjects/laracrud/laracrud/vendor/illuminate/container/Container.php(596): Illuminate\\Container\\BoundMethod::call(Object(LaravelZero\\Framework\\Application), Array, Array, NULL)
#14 /Users/temitopeolotin/PhpstormProjects/laracrud/laracrud/vendor/illuminate/console/Command.php(134): Illuminate\\Container\\Container->call(Array)
#15 /Users/temitopeolotin/PhpstormProjects/laracrud/laracrud/vendor/symfony/console/Command/Command.php(258): Illuminate\\Console\\Command->execute(Object(Symfony\\Component\\Console\\Input\\ArgvInput), Object(Illuminate\\Console\\OutputStyle))
#16 /Users/temitopeolotin/PhpstormProjects/laracrud/laracrud/vendor/illuminate/console/Command.php(121): Symfony\\Component\\Console\\Command\\Command->run(Object(Symfony\\Component\\Console\\Input\\ArgvInput), Object(Illuminate\\Console\\OutputStyle))
#17 /Users/temitopeolotin/PhpstormProjects/laracrud/laracrud/vendor/symfony/console/Application.php(911): Illuminate\\Console\\Command->run(Object(Symfony\\Component\\Console\\Input\\ArgvInput), Object(Symfony\\Component\\Console\\Output\\ConsoleOutput))
#18 /Users/temitopeolotin/PhpstormProjects/laracrud/laracrud/vendor/symfony/console/Application.php(264): Symfony\\Component\\Console\\Application->doRunCommand(Object(Laztopaz\\Commands\\LaraCrudCommand), Object(Symfony\\Component\\Console\\Input\\ArgvInput), Object(Symfony\\Component\\Console\\Output\\ConsoleOutput))
#19 /Users/temitopeolotin/PhpstormProjects/laracrud/laracrud/vendor/symfony/console/Application.php(140): Symfony\\Component\\Console\\Application->doRun(Object(Symfony\\Component\\Console\\Input\\ArgvInput), Object(Symfony\\Component\\Console\\Output\\ConsoleOutput))
#20 /Users/temitopeolotin/PhpstormProjects/laracrud/laracrud/vendor/illuminate/console/Application.php(93): Symfony\\Component\\Console\\Application->run(Object(Symfony\\Component\\Console\\Input\\ArgvInput), Object(Symfony\\Component\\Console\\Output\\ConsoleOutput))
#21 /Users/temitopeolotin/PhpstormProjects/laracrud/laracrud/vendor/laravel-zero/foundation/src/Illuminate/Foundation/Console/Kernel.php(129): Illuminate\\Console\\Application->run(Object(Symfony\\Component\\Console\\Input\\ArgvInput), Object(Symfony\\Component\\Console\\Output\\ConsoleOutput))
#22 /Users/temitopeolotin/PhpstormProjects/laracrud/laracrud/vendor/laravel-zero/framework/src/Kernel.php(91): Illuminate\\Foundation\\Console\\Kernel->handle(Object(Symfony\\Component\\Console\\Input\\ArgvInput), Object(Symfony\\Component\\Console\\Output\\ConsoleOutput))
#23 /Users/temitopeolotin/PhpstormProjects/laracrud/laracrud/laracrud(37): LaravelZero\\Framework\\Kernel->handle(Object(Symfony\\Component\\Console\\Input\\ArgvInput), Object(Symfony\\Component\\Console\\Output\\ConsoleOutput))
#24 {main}
"} 
